#
# A fatal error has been detected by the Java Runtime Environment:
#
#  SIGSEGV (0xb) at pc=0x05a69846, pid=2896, tid=2890091376
#
# JRE version: 6.0_20-b20
# Java VM: OpenJDK Client VM (19.0-b09 mixed mode, sharing linux-x86 )
# Derivative: IcedTea6 1.9.7
# Distribution: Ubuntu 9.10, package 6b20-1.9.7-0ubuntu1~9.10.1
# Problematic frame:
# C  [libQtDBus.so.4+0x3f846]
#
# If you would like to submit a bug report, please include
# instructions how to reproduce the bug and visit:
#   https://bugs.launchpad.net/ubuntu/+source/openjdk-6/
#

---------------  T H R E A D  ---------------

Current thread (0x0a4c3c00):  VMThread [stack: 0xac3b4000,0xac435000] [id=3304]

siginfo:si_signo=SIGSEGV: si_errno=0, si_code=1 (SEGV_MAPERR), si_addr=0x00000004

Registers:
EAX=0x09cfb800, EBX=0x05a9aff4, ECX=0xac433fe8, EDX=0x00000000
ESP=0xac433e70, EBP=0xac433e88, ESI=0x00000000, EDI=0xac433fe8
EIP=0x05a69846, CR2=0x00000004, EFLAGS=0x00010282

Register to memory mapping:

EAX=0x09cfb800

[error occurred during error reporting (printing registers, top of stack, instructions near pc), id 0xb]

Stack: [0xac3b4000,0xac435000],  sp=0xac433e70,  free space=511k
Native frames: (J=compiled Java code, j=interpreted, Vv=VM code, C=native code)
C  [libQtDBus.so.4+0x3f846]
C  [libQtDBus.so.4+0x401c4]
C  [libQtCore.so.4+0x155263]  _ZN11QMetaObject8activateEP7QObjectiiPPv+0x233
C  [libQtCore.so.4+0x1556d8]  _ZN11QMetaObject8activateEP7QObjectPKS_iiPPv+0x58
C  [libQtCore.so.4+0x15576b]  _ZN7QObject9destroyedEPS_+0x4b
C  [libQtCore.so.4+0x156536]  _ZN7QObjectD2Ev+0x56
C  [libkio.so.5+0x17ac8d]  _ZN3KIO9SchedulerD0Ev+0x2d
C  [libkio.so.5+0x17e691]
C  [libkio.so.5+0xb1f6b]
C  [libc.so.6+0x2f05f]
C  [libc.so.6+0x2f0cf]
V  [libjvm.so+0x2047f4]
V  [libjvm.so+0x3ed484]
V  [libjvm.so+0x3ed871]
V  [libjvm.so+0x3ec04a]
V  [libjvm.so+0x3ec70c]
V  [libjvm.so+0x3eca41]
V  [libjvm.so+0x30d271]
C  [libpthread.so.0+0x580e]

VM_Operation (0xaf6fca74): Exit, mode: safepoint, requested by thread 0x09bd4400


---------------  P R O C E S S  ---------------

Java Threads: ( => current thread )
  0x09bd4400 JavaThread "SIGHUP handler" daemon [_thread_blocked, id=3471, stack(0xaf6ad000,0xaf6fe000)]
  0xafb06000 JavaThread "Low Memory Detector" daemon [_thread_blocked, id=3309, stack(0xac1ef000,0xac240000)]
  0xafb04000 JavaThread "CompilerThread0" daemon [_thread_blocked, id=3308, stack(0xac240000,0xac2c1000)]
  0xafb02800 JavaThread "Signal Dispatcher" daemon [_thread_blocked, id=3307, stack(0xac2c1000,0xac312000)]
  0x0a4c7000 JavaThread "Finalizer" daemon [_thread_blocked, id=3306, stack(0xac312000,0xac363000)]
  0x0a4c5800 JavaThread "Reference Handler" daemon [_thread_blocked, id=3305, stack(0xac363000,0xac3b4000)]

Other Threads:
=>0x0a4c3c00 VMThread [stack: 0xac3b4000,0xac435000] [id=3304]

VM state:at safepoint (shutting down)

VM Mutex/Monitor currently owned by a thread:  ([mutex/lock_event])
[0x0a463858] Threads_lock - owner thread: 0x0a4c3c00

Heap
 def new generation   total 4928K, used 3433K [0x6f900000, 0x6fe50000, 0x7a3a0000)
  eden space 4416K,  77% used [0x6f900000, 0x6fc5a5c0, 0x6fd50000)
  from space 512K,   0% used [0x6fd50000, 0x6fd50000, 0x6fdd0000)
  to   space 512K,   0% used [0x6fdd0000, 0x6fdd0000, 0x6fe50000)
 tenured generation   total 10944K, used 0K [0x7a3a0000, 0x7ae50000, 0x8f900000)
   the space 10944K,   0% used [0x7a3a0000, 0x7a3a0000, 0x7a3a0200, 0x7ae50000)
 compacting perm gen  total 12288K, used 342K [0x8f900000, 0x90500000, 0x93900000)
   the space 12288K,   2% used [0x8f900000, 0x8f955830, 0x8f955a00, 0x90500000)
    ro space 10240K,  73% used [0x93900000, 0x94058708, 0x94058800, 0x94300000)
    rw space 12288K,  60% used [0x94300000, 0x94a40f20, 0x94a41000, 0x94f00000)

Dynamic libraries:
00110000-0011a000 r-xp 00000000 08:06 3421       /lib/libpam.so.0.82.1
0011a000-0011b000 r--p 0000a000 08:06 3421       /lib/libpam.so.0.82.1
0011b000-0011c000 rw-p 0000b000 08:06 3421       /lib/libpam.so.0.82.1
0011c000-00125000 r-xp 00000000 08:06 194479     /lib/tls/i686/cmov/libcrypt-2.10.1.so
00125000-00126000 r--p 00008000 08:06 194479     /lib/tls/i686/cmov/libcrypt-2.10.1.so
00126000-00127000 rw-p 00009000 08:06 194479     /lib/tls/i686/cmov/libcrypt-2.10.1.so
00127000-0014e000 rw-p 00000000 00:00 0 
0014e000-00150000 r-xp 00000000 08:06 194487     /lib/tls/i686/cmov/libdl-2.10.1.so
00150000-00151000 r--p 00001000 08:06 194487     /lib/tls/i686/cmov/libdl-2.10.1.so
00151000-00152000 rw-p 00002000 08:06 194487     /lib/tls/i686/cmov/libdl-2.10.1.so
00152000-001ef000 r-xp 00000000 08:06 149565     /usr/lib/ure/lib/libuno_cppuhelpergcc3.so.3
001ef000-001f0000 ---p 0009d000 08:06 149565     /usr/lib/ure/lib/libuno_cppuhelpergcc3.so.3
001f0000-001f3000 r--p 0009d000 08:06 149565     /usr/lib/ure/lib/libuno_cppuhelpergcc3.so.3
001f3000-001f4000 rw-p 000a0000 08:06 149565     /usr/lib/ure/lib/libuno_cppuhelpergcc3.so.3
001f4000-00220000 r-xp 00000000 08:06 149564     /usr/lib/ure/lib/libuno_cppu.so.3
00220000-00221000 r--p 0002b000 08:06 149564     /usr/lib/ure/lib/libuno_cppu.so.3
00221000-00222000 rw-p 0002c000 08:06 149564     /usr/lib/ure/lib/libuno_cppu.so.3
00222000-00227000 r-xp 00000000 08:06 275297     /usr/lib/openoffice/basis3.1/program/libi18nisolang1gcc3.so
00227000-00228000 r--p 00004000 08:06 275297     /usr/lib/openoffice/basis3.1/program/libi18nisolang1gcc3.so
00228000-00229000 rw-p 00005000 08:06 275297     /usr/lib/openoffice/basis3.1/program/libi18nisolang1gcc3.so
00229000-00230000 r-xp 00000000 08:06 275232     /usr/lib/openoffice/basis3.1/program/libjli_g.so
00230000-00231000 r--p 00006000 08:06 275232     /usr/lib/openoffice/basis3.1/program/libjli_g.so
00231000-00232000 rw-p 00007000 08:06 275232     /usr/lib/openoffice/basis3.1/program/libjli_g.so
00232000-00235000 r-xp 00000000 08:06 2687       /usr/lib/libgmodule-2.0.so.0.2200.3
00235000-00236000 r--p 00002000 08:06 2687       /usr/lib/libgmodule-2.0.so.0.2200.3
00236000-00237000 rw-p 00003000 08:06 2687       /usr/lib/libgmodule-2.0.so.0.2200.3
00237000-003e2000 r-xp 00000000 08:06 149567     /usr/lib/ure/lib/libuno_sal.so.3
003e2000-003f5000 r--p 001ab000 08:06 149567     /usr/lib/ure/lib/libuno_sal.so.3
003f5000-003f6000 rw-p 001be000 08:06 149567     /usr/lib/ure/lib/libuno_sal.so.3
003f6000-003f8000 rw-p 00000000 00:00 0 
003f8000-00493000 r-xp 00000000 08:06 275260     /usr/lib/openoffice/basis3.1/program/libtlli.so
00493000-00495000 r--p 0009a000 08:06 275260     /usr/lib/openoffice/basis3.1/program/libtlli.so
00495000-00496000 rw-p 0009c000 08:06 275260     /usr/lib/openoffice/basis3.1/program/libtlli.so
00496000-004b8000 r-xp 00000000 08:06 275338     /usr/lib/openoffice/basis3.1/program/libvos3gcc3.so
004b8000-004b9000 r--p 00022000 08:06 275338     /usr/lib/openoffice/basis3.1/program/libvos3gcc3.so
004b9000-004ba000 rw-p 00023000 08:06 275338     /usr/lib/openoffice/basis3.1/program/libvos3gcc3.so
004ba000-004dc000 r-xp 00000000 08:06 4640       /usr/lib/libjpeg.so.62.0.0
004dc000-004dd000 r--p 00021000 08:06 4640       /usr/lib/libjpeg.so.62.0.0
004dd000-004de000 rw-p 00022000 08:06 4640       /usr/lib/libjpeg.so.62.0.0
004de000-004ec000 r-xp 00000000 08:06 275301     /usr/lib/openoffice/basis3.1/program/libi18nutilgcc3.so
004ec000-004ed000 r--p 0000d000 08:06 275301     /usr/lib/openoffice/basis3.1/program/libi18nutilgcc3.so
004ed000-004ef000 rw-p 0000e000 08:06 275301     /usr/lib/openoffice/basis3.1/program/libi18nutilgcc3.so
004ef000-004f1000 rw-p 00000000 00:00 0 
004f1000-004f7000 r-xp 00000000 08:06 206262     /usr/lib/ure/lib/libjvmaccessgcc3.so.3
004f7000-004f8000 r--p 00005000 08:06 206262     /usr/lib/ure/lib/libjvmaccessgcc3.so.3
004f8000-004f9000 rw-p 00006000 08:06 206262     /usr/lib/ure/lib/libjvmaccessgcc3.so.3
004f9000-004fa000 r-xs 00000000 08:06 256981     /home/arnaud/.execoooBVnHuA (deleted)
004fa000-004fb000 r-xs 00000000 08:06 257719     /home/arnaud/.execooo5LmIJI (deleted)
004fb000-004fc000 r-xp 00000000 00:00 0          [vdso]
004fc000-00634000 r-xp 00000000 08:06 275280     /usr/lib/openoffice/basis3.1/program/libcomphelp4gcc3.so
00634000-0063c000 r--p 00138000 08:06 275280     /usr/lib/openoffice/basis3.1/program/libcomphelp4gcc3.so
0063c000-0063e000 rw-p 00140000 08:06 275280     /usr/lib/openoffice/basis3.1/program/libcomphelp4gcc3.so
0063e000-006b2000 r-xp 00000000 08:06 275326     /usr/lib/openoffice/basis3.1/program/libucbhelper4gcc3.so
006b2000-006b5000 r--p 00074000 08:06 275326     /usr/lib/openoffice/basis3.1/program/libucbhelper4gcc3.so
006b5000-006b6000 rw-p 00077000 08:06 275326     /usr/lib/openoffice/basis3.1/program/libucbhelper4gcc3.so
006b6000-006d3000 r-xp 00000000 08:06 206263     /usr/lib/ure/lib/libjvmfwk.so.3
006d3000-006d4000 r--p 0001c000 08:06 206263     /usr/lib/ure/lib/libjvmfwk.so.3
006d4000-006d5000 rw-p 0001d000 08:06 206263     /usr/lib/ure/lib/libjvmfwk.so.3
006d5000-006df000 r-xp 00000000 08:06 7695       /usr/lib/libpangocairo-1.0.so.0.2600.0
006df000-006e0000 r--p 00009000 08:06 7695       /usr/lib/libpangocairo-1.0.so.0.2600.0
006e0000-006e1000 rw-p 0000a000 08:06 7695       /usr/lib/libpangocairo-1.0.so.0.2600.0
006e1000-006f6000 r-xp 00000000 08:06 245008     /lib/tls/i686/cmov/libpthread-2.10.1.so
006f6000-006f7000 r--p 00014000 08:06 245008     /lib/tls/i686/cmov/libpthread-2.10.1.so
006f7000-006f8000 rw-p 00015000 08:06 245008     /lib/tls/i686/cmov/libpthread-2.10.1.so
006f8000-006fa000 rw-p 00000000 00:00 0 
006fa000-00804000 r-xp 00000000 08:06 275253     /usr/lib/openoffice/basis3.1/program/libsvlli.so
00804000-00808000 r--p 0010a000 08:06 275253     /usr/lib/openoffice/basis3.1/program/libsvlli.so
00808000-00809000 rw-p 0010e000 08:06 275253     /usr/lib/openoffice/basis3.1/program/libsvlli.so
00809000-0080a000 rw-p 00000000 00:00 0 
0080a000-00863000 r-xp 00000000 08:06 275249     /usr/lib/openoffice/basis3.1/program/libsotli.so
00863000-00864000 ---p 00059000 08:06 275249     /usr/lib/openoffice/basis3.1/program/libsotli.so
00864000-00866000 r--p 00059000 08:06 275249     /usr/lib/openoffice/basis3.1/program/libsotli.so
00866000-00867000 rw-p 0005b000 08:06 275249     /usr/lib/openoffice/basis3.1/program/libsotli.so
00867000-00869000 r-xp 00000000 08:06 4032       /usr/lib/libXinerama.so.1.0.0
00869000-0086a000 rw-p 00001000 08:06 4032       /usr/lib/libXinerama.so.1.0.0
0086a000-00950000 r-xp 00000000 08:06 2256       /usr/lib/libstdc++.so.6.0.13
00950000-00954000 r--p 000e6000 08:06 2256       /usr/lib/libstdc++.so.6.0.13
00954000-00955000 rw-p 000ea000 08:06 2256       /usr/lib/libstdc++.so.6.0.13
00955000-0095c000 rw-p 00000000 00:00 0 
0095c000-009ec000 r-xp 00000000 08:06 275261     /usr/lib/openoffice/basis3.1/program/libutlli.so
009ec000-009f0000 r--p 0008f000 08:06 275261     /usr/lib/openoffice/basis3.1/program/libutlli.so
009f0000-009f1000 rw-p 00093000 08:06 275261     /usr/lib/openoffice/basis3.1/program/libutlli.so
009f1000-00ab4000 r-xp 00000000 08:06 4945       /usr/lib/libstlport_gcc.so.4.6
00ab4000-00ab7000 r--p 000c2000 08:06 4945       /usr/lib/libstlport_gcc.so.4.6
00ab7000-00ab8000 rw-p 000c5000 08:06 4945       /usr/lib/libstlport_gcc.so.4.6
00ab8000-00aba000 rw-p 00000000 00:00 0 
00aba000-00ace000 r-xp 00000000 08:06 1038       /lib/libz.so.1.2.3.3
00ace000-00acf000 r--p 00013000 08:06 1038       /lib/libz.so.1.2.3.3
00acf000-00ad0000 rw-p 00014000 08:06 1038       /lib/libz.so.1.2.3.3
00ad0000-00b04000 r-xp 00000000 08:06 4611       /usr/lib/libicule.so.40.1
00b04000-00b05000 r--p 00034000 08:06 4611       /usr/lib/libicule.so.40.1
00b05000-00b06000 rw-p 00035000 08:06 4611       /usr/lib/libicule.so.40.1
00b06000-00b0e000 r-xp 00000000 08:06 4044       /usr/lib/libXrender.so.1.3.0
00b0e000-00b0f000 r--p 00007000 08:06 4044       /usr/lib/libXrender.so.1.3.0
00b0f000-00b10000 rw-p 00008000 08:06 4044       /usr/lib/libXrender.so.1.3.0
00b10000-00b12000 r-xp 00000000 08:06 4014       /usr/lib/libXcomposite.so.1.0.0
00b12000-00b13000 r--p 00001000 08:06 4014       /usr/lib/libXcomposite.so.1.0.0
00b13000-00b14000 rw-p 00002000 08:06 4014       /usr/lib/libXcomposite.so.1.0.0
00b14000-00b15000 r-xs 00000000 08:06 257720     /home/arnaud/.execoooICdMYQ (deleted)
00b15000-00b30000 r-xp 00000000 08:06 3594       /lib/ld-2.10.1.so
00b30000-00b31000 r--p 0001a000 08:06 3594       /lib/ld-2.10.1.so
00b31000-00b32000 rw-p 0001b000 08:06 3594       /lib/ld-2.10.1.so
00b32000-00b4e000 r-xp 00000000 08:06 5041       /usr/lib/libxcb.so.1.1.0
00b4e000-00b4f000 r--p 0001c000 08:06 5041       /usr/lib/libxcb.so.1.1.0
00b4f000-00b50000 rw-p 0001d000 08:06 5041       /usr/lib/libxcb.so.1.1.0
00b50000-00c8e000 r-xp 00000000 08:06 194434     /lib/tls/i686/cmov/libc-2.10.1.so
00c8e000-00c8f000 ---p 0013e000 08:06 194434     /lib/tls/i686/cmov/libc-2.10.1.so
00c8f000-00c91000 r--p 0013e000 08:06 194434     /lib/tls/i686/cmov/libc-2.10.1.so
00c91000-00c92000 rw-p 00140000 08:06 194434     /lib/tls/i686/cmov/libc-2.10.1.so
00c92000-00c95000 rw-p 00000000 00:00 0 
00c95000-00ccd000 r-xp 00000000 08:06 275225     /usr/lib/openoffice/basis3.1/program/libfwili.so
00ccd000-00cce000 ---p 00038000 08:06 275225     /usr/lib/openoffice/basis3.1/program/libfwili.so
00cce000-00ccf000 r--p 00038000 08:06 275225     /usr/lib/openoffice/basis3.1/program/libfwili.so
00ccf000-00cd0000 rw-p 00039000 08:06 275225     /usr/lib/openoffice/basis3.1/program/libfwili.so
00cd0000-00cde000 r-xp 00000000 08:06 4022       /usr/lib/libXext.so.6.4.0
00cde000-00cdf000 r--p 0000d000 08:06 4022       /usr/lib/libXext.so.6.4.0
00cdf000-00ce0000 rw-p 0000e000 08:06 4022       /usr/lib/libXext.so.6.4.0
00ce0000-00ce9000 r-xp 00000000 08:06 4030       /usr/lib/libXi.so.6.0.0
00ce9000-00cea000 r--p 00008000 08:06 4030       /usr/lib/libXi.so.6.0.0
00cea000-00ceb000 rw-p 00009000 08:06 4030       /usr/lib/libXi.so.6.0.0
00ceb000-00d0f000 r-xp 00000000 08:06 194506     /lib/tls/i686/cmov/libm-2.10.1.so
00d0f000-00d10000 r--p 00023000 08:06 194506     /lib/tls/i686/cmov/libm-2.10.1.so
00d10000-00d11000 rw-p 00024000 08:06 194506     /lib/tls/i686/cmov/libm-2.10.1.so
00d11000-00dae000 r-xp 00000000 08:06 275224     /usr/lib/openoffice/basis3.1/program/libfweli.so
00dae000-00db1000 r--p 0009d000 08:06 275224     /usr/lib/openoffice/basis3.1/program/libfweli.so
00db1000-00db2000 rw-p 000a0000 08:06 275224     /usr/lib/openoffice/basis3.1/program/libfweli.so
00db2000-00db3000 rw-p 00000000 00:00 0 
00db3000-00dba000 r-xp 00000000 08:06 4042       /usr/lib/libXrandr.so.2.2.0
00dba000-00dbb000 r--p 00006000 08:06 4042       /usr/lib/libXrandr.so.2.2.0
00dbb000-00dbc000 rw-p 00007000 08:06 4042       /usr/lib/libXrandr.so.2.2.0
00dbc000-00dc5000 r-xp 00000000 08:06 4016       /usr/lib/libXcursor.so.1.0.2
00dc5000-00dc6000 r--p 00008000 08:06 4016       /usr/lib/libXcursor.so.1.0.2
00dc6000-00dc7000 rw-p 00009000 08:06 4016       /usr/lib/libXcursor.so.1.0.2
00dc7000-00dc9000 r-xp 00000000 08:06 4018       /usr/lib/libXdamage.so.1.1.0
00dc9000-00dca000 rw-p 00001000 08:06 4018       /usr/lib/libXdamage.so.1.1.0
00dca000-00dce000 r-xp 00000000 08:06 149568     /usr/lib/ure/lib/libuno_salhelpergcc3.so.3
00dce000-00dcf000 r--p 00003000 08:06 149568     /usr/lib/ure/lib/libuno_salhelpergcc3.so.3
00dcf000-00dd0000 rw-p 00004000 08:06 149568     /usr/lib/ure/lib/libuno_salhelpergcc3.so.3
00dd0000-00e6e000 r-xp 00000000 08:06 275207     /usr/lib/openoffice/basis3.1/program/libbasegfxli.so
00e6e000-00e6f000 ---p 0009e000 08:06 275207     /usr/lib/openoffice/basis3.1/program/libbasegfxli.so
00e6f000-00e70000 r--p 0009e000 08:06 275207     /usr/lib/openoffice/basis3.1/program/libbasegfxli.so
00e70000-00e71000 rw-p 0009f000 08:06 275207     /usr/lib/openoffice/basis3.1/program/libbasegfxli.so
00e71000-00e75000 r-xp 00000000 08:06 4024       /usr/lib/libXfixes.so.3.1.0
00e75000-00e76000 r--p 00003000 08:06 4024       /usr/lib/libXfixes.so.3.1.0
00e76000-00e77000 rw-p 00004000 08:06 4024       /usr/lib/libXfixes.so.3.1.0
00e77000-00e7f000 r-xp 00000000 08:06 4319       /usr/lib/libfusion-1.2.so.0.7.0
00e7f000-00e80000 r--p 00007000 08:06 4319       /usr/lib/libfusion-1.2.so.0.7.0
00e80000-00e81000 rw-p 00008000 08:06 4319       /usr/lib/libfusion-1.2.so.0.7.0
00e81000-00e84000 r-xp 00000000 08:06 5037       /usr/lib/libxcb-render-util.so.0.0.0
00e84000-00e85000 r--p 00002000 08:06 5037       /usr/lib/libxcb-render-util.so.0.0.0
00e85000-00e86000 rw-p 00003000 08:06 5037       /usr/lib/libxcb-render-util.so.0.0.0
00e86000-00e87000 r-xs 00000000 08:06 257721     /home/arnaud/.execoooe1UUdZ (deleted)
00e87000-00e88000 r-xs 00000000 08:06 257722     /home/arnaud/.execoooxxKLt7 (deleted)
00e88000-00ea4000 r-xp 00000000 08:06 3375       /lib/libgcc_s.so.1
00ea4000-00ea5000 r--p 0001b000 08:06 3375       /lib/libgcc_s.so.1
00ea5000-00ea6000 rw-p 0001c000 08:06 3375       /lib/libgcc_s.so.1
00ea6000-00eba000 r-xp 00000000 08:06 275243     /usr/lib/openoffice/basis3.1/program/libsaxli.so
00eba000-00ebb000 r--p 00014000 08:06 275243     /usr/lib/openoffice/basis3.1/program/libsaxli.so
00ebb000-00ebc000 rw-p 00015000 08:06 275243     /usr/lib/openoffice/basis3.1/program/libsaxli.so
00ebc000-00efc000 r-xp 00000000 08:06 7693       /usr/lib/libpango-1.0.so.0.2600.0
00efc000-00efd000 ---p 00040000 08:06 7693       /usr/lib/libpango-1.0.so.0.2600.0
00efd000-00efe000 r--p 00040000 08:06 7693       /usr/lib/libpango-1.0.so.0.2600.0
00efe000-00eff000 rw-p 00041000 08:06 7693       /usr/lib/libpango-1.0.so.0.2600.0
00eff000-00f17000 r-xp 00000000 08:06 4075       /usr/lib/libgdk_pixbuf-2.0.so.0.1800.3
00f17000-00f18000 r--p 00017000 08:06 4075       /usr/lib/libgdk_pixbuf-2.0.so.0.1800.3
00f18000-00f19000 rw-p 00018000 08:06 4075       /usr/lib/libgdk_pixbuf-2.0.so.0.1800.3
00f19000-00f1a000 r-xs 00000000 08:06 257723     /home/arnaud/.execoooZlQHJf (deleted)
00f1a000-00f88000 r-xp 00000000 08:06 275177     /usr/lib/openoffice/basis3.1/program/libsofficeapp.so
00f88000-00f89000 ---p 0006e000 08:06 275177     /usr/lib/openoffice/basis3.1/program/libsofficeapp.so
00f89000-00f8b000 r--p 0006e000 08:06 275177     /usr/lib/openoffice/basis3.1/program/libsofficeapp.so
00f8b000-00f8c000 rw-p 00070000 08:06 275177     /usr/lib/openoffice/basis3.1/program/libsofficeapp.so
00f8c000-01384000 r-xp 00000000 08:06 275248     /usr/lib/openoffice/basis3.1/program/libsfxli.so
01384000-01399000 r--p 003f7000 08:06 275248     /usr/lib/openoffice/basis3.1/program/libsfxli.so
01399000-013a0000 rw-p 0040c000 08:06 275248     /usr/lib/openoffice/basis3.1/program/libsfxli.so
013a0000-013e4000 r-xp 00000000 08:06 4806       /usr/lib/libpixman-1.so.0.14.0
013e4000-013e6000 r--p 00043000 08:06 4806       /usr/lib/libpixman-1.so.0.14.0
013e6000-013e7000 rw-p 00045000 08:06 4806       /usr/lib/libpixman-1.so.0.14.0
013e7000-013ee000 r-xp 00000000 08:06 4001       /usr/lib/libSM.so.6.0.0
013ee000-013ef000 r--p 00006000 08:06 4001       /usr/lib/libSM.so.6.0.0
013ef000-013f0000 rw-p 00007000 08:06 4001       /usr/lib/libSM.so.6.0.0
013f0000-013f4000 r-xp 00000000 08:06 4050       /usr/lib/libXtst.so.6.1.0
013f4000-013f5000 r--p 00004000 08:06 4050       /usr/lib/libXtst.so.6.1.0
013f5000-013f6000 rw-p 00005000 08:06 4050       /usr/lib/libXtst.so.6.1.0
013f6000-01406000 r-xp 00000000 08:06 22         /lib/libbz2.so.1.0.4
01406000-01407000 r--p 0000f000 08:06 22         /lib/libbz2.so.1.0.4
01407000-01408000 rw-p 00010000 08:06 22         /lib/libbz2.so.1.0.4
01408000-01409000 r-xs 00000000 08:06 257724     /home/arnaud/.execoooqq2ugo (deleted)
01409000-0149b000 r-xp 00000000 08:06 3110       /usr/lib/libgdk-x11-2.0.so.0.1800.3
0149b000-0149d000 r--p 00092000 08:06 3110       /usr/lib/libgdk-x11-2.0.so.0.1800.3
0149d000-0149e000 rw-p 00094000 08:06 3110       /usr/lib/libgdk-x11-2.0.so.0.1800.3
0149e000-01531000 r-xp 00000000 08:06 9337       /usr/lib/libgio-2.0.so.0.2200.3
01531000-01532000 r--p 00092000 08:06 9337       /usr/lib/libgio-2.0.so.0.2200.3
01532000-01533000 rw-p 00093000 08:06 9337       /usr/lib/libgio-2.0.so.0.2200.3
01533000-01534000 rw-p 00000000 00:00 0 
01534000-01557000 r-xp 00000000 08:06 3411       /usr/lib/libpng12.so.0.37.0
01557000-01558000 r--p 00022000 08:06 3411       /usr/lib/libpng12.so.0.37.0
01558000-01559000 rw-p 00023000 08:06 3411       /usr/lib/libpng12.so.0.37.0
01559000-01588000 r-xp 00000000 08:06 991        /lib/libpcre.so.3.12.1
01588000-01589000 r--p 0002e000 08:06 991        /lib/libpcre.so.3.12.1
01589000-0158a000 rw-p 0002f000 08:06 991        /lib/libpcre.so.3.12.1
0158a000-01608000 r-xp 00000000 08:06 275264     /usr/lib/openoffice/basis3.1/program/libvclplug_genli.so
01608000-01609000 ---p 0007e000 08:06 275264     /usr/lib/openoffice/basis3.1/program/libvclplug_genli.so
01609000-0160c000 r--p 0007e000 08:06 275264     /usr/lib/openoffice/basis3.1/program/libvclplug_genli.so
0160c000-01611000 rw-p 00081000 08:06 275264     /usr/lib/openoffice/basis3.1/program/libvclplug_genli.so
01611000-01612000 rw-p 00000000 00:00 0 
01612000-01629000 r-xp 00000000 08:06 3972       /usr/lib/libICE.so.6.3.0
01629000-0162a000 r--p 00016000 08:06 3972       /usr/lib/libICE.so.6.3.0
0162a000-0162b000 rw-p 00017000 08:06 3972       /usr/lib/libICE.so.6.3.0
0162b000-0162d000 rw-p 00000000 00:00 0 
0162d000-01634000 r-xp 00000000 08:06 248988     /lib/tls/i686/cmov/librt-2.10.1.so
01634000-01635000 r--p 00006000 08:06 248988     /lib/tls/i686/cmov/librt-2.10.1.so
01635000-01636000 rw-p 00007000 08:06 248988     /lib/tls/i686/cmov/librt-2.10.1.so
01636000-0164e000 r-xp 00000000 08:06 5320       /usr/lib/libaudio.so.2.4
0164e000-0164f000 r--p 00017000 08:06 5320       /usr/lib/libaudio.so.2.4
0164f000-01650000 rw-p 00018000 08:06 5320       /usr/lib/libaudio.so.2.4
01650000-01653000 r-xp 00000000 08:06 1748       /lib/libuuid.so.1.3.0
01653000-01654000 r--p 00002000 08:06 1748       /lib/libuuid.so.1.3.0
01654000-01655000 rw-p 00003000 08:06 1748       /lib/libuuid.so.1.3.0
01655000-016c0000 r-xp 00000000 08:06 12987      /usr/lib/libstreamanalyzer.so.0.7.0
016c0000-016c2000 r--p 0006a000 08:06 12987      /usr/lib/libstreamanalyzer.so.0.7.0
016c2000-016c3000 rw-p 0006c000 08:06 12987      /usr/lib/libstreamanalyzer.so.0.7.0
016c3000-016c9000 r-xp 00000000 08:06 194599     /lib/tls/i686/cmov/libnss_compat-2.10.1.so
016c9000-016ca000 r--p 00005000 08:06 194599     /lib/tls/i686/cmov/libnss_compat-2.10.1.so
016ca000-016cb000 rw-p 00006000 08:06 194599     /lib/tls/i686/cmov/libnss_compat-2.10.1.so
016cb000-016d4000 r-xp 00000000 08:06 240165     /lib/tls/i686/cmov/libnss_nis-2.10.1.so
016d4000-016d5000 r--p 00008000 08:06 240165     /lib/tls/i686/cmov/libnss_nis-2.10.1.so
016d5000-016d6000 rw-p 00009000 08:06 240165     /lib/tls/i686/cmov/libnss_nis-2.10.1.so
016d6000-016f1000 r-xp 00000000 08:06 206272     /usr/lib/ure/lib/stocservices.uno.so
016f1000-016f3000 r--p 0001a000 08:06 206272     /usr/lib/ure/lib/stocservices.uno.so
016f3000-016f4000 rw-p 0001c000 08:06 206272     /usr/lib/ure/lib/stocservices.uno.so
016f4000-016fc000 r-xp 00000000 08:06 275304     /usr/lib/openoffice/basis3.1/program/localebe1.uno.so
016fc000-016fd000 r--p 00007000 08:06 275304     /usr/lib/openoffice/basis3.1/program/localebe1.uno.so
016fd000-016fe000 rw-p 00008000 08:06 275304     /usr/lib/openoffice/basis3.1/program/localebe1.uno.so
016fe000-01705000 r-xp 00000000 08:06 275276     /usr/lib/openoffice/basis3.1/program/behelper.uno.so
01705000-01706000 r--p 00006000 08:06 275276     /usr/lib/openoffice/basis3.1/program/behelper.uno.so
01706000-01707000 rw-p 00007000 08:06 275276     /usr/lib/openoffice/basis3.1/program/behelper.uno.so
01707000-0170c000 r-xp 00000000 08:06 275344     /usr/lib/openoffice/basis3.1/program/ucpexpand1.uno.so
0170c000-0170d000 r--p 00005000 08:06 275344     /usr/lib/openoffice/basis3.1/program/ucpexpand1.uno.so
0170d000-0170e000 rw-p 00006000 08:06 275344     /usr/lib/openoffice/basis3.1/program/ucpexpand1.uno.so
0170e000-01718000 r-xp 00000000 08:06 1370       /usr/lib/libavahi-common.so.3.5.1
01718000-01719000 r--p 00009000 08:06 1370       /usr/lib/libavahi-common.so.3.5.1
01719000-0171a000 rw-p 0000a000 08:06 1370       /usr/lib/libavahi-common.so.3.5.1
0171a000-0171c000 r-xp 00000000 08:06 917        /lib/libcom_err.so.2.1
0171c000-0171d000 r--p 00001000 08:06 917        /lib/libcom_err.so.2.1
0171d000-0171e000 rw-p 00002000 08:06 917        /lib/libcom_err.so.2.1
0171e000-01721000 r-xp 00000000 08:06 942        /lib/libgpg-error.so.0.4.0
01721000-01722000 r--p 00002000 08:06 942        /lib/libgpg-error.so.0.4.0
01722000-01723000 rw-p 00003000 08:06 942        /lib/libgpg-error.so.0.4.0
01723000-01b01000 r-xp 00000000 08:06 275254     /usr/lib/openoffice/basis3.1/program/libsvtli.so
01b01000-01b1a000 r--p 003dd000 08:06 275254     /usr/lib/openoffice/basis3.1/program/libsvtli.so
01b1a000-01b21000 rw-p 003f6000 08:06 275254     /usr/lib/openoffice/basis3.1/program/libsvtli.so
01b21000-01b22000 rw-p 00000000 00:00 0 
01b22000-01d5f000 r-xp 00000000 08:06 6617       /usr/lib/libkdecore.so.5.3.0
01d5f000-01d66000 r--p 0023d000 08:06 6617       /usr/lib/libkdecore.so.5.3.0
01d66000-01d6a000 rw-p 00244000 08:06 6617       /usr/lib/libkdecore.so.5.3.0
01d6a000-01dfb000 r-xp 00000000 08:06 275282     /usr/lib/openoffice/basis3.1/program/deploymentli.uno.so
01dfb000-01e01000 r--p 00091000 08:06 275282     /usr/lib/openoffice/basis3.1/program/deploymentli.uno.so
01e01000-01e02000 rw-p 00097000 08:06 275282     /usr/lib/openoffice/basis3.1/program/deploymentli.uno.so
01e02000-01e47000 r-xp 00000000 08:06 275262     /usr/lib/openoffice/basis3.1/program/libuuili.so
01e47000-01e4a000 r--p 00044000 08:06 275262     /usr/lib/openoffice/basis3.1/program/libuuili.so
01e4a000-01e4b000 rw-p 00047000 08:06 275262     /usr/lib/openoffice/basis3.1/program/libuuili.so
01e4b000-01e8c000 r-xp 00000000 08:06 275229     /usr/lib/openoffice/basis3.1/program/libgoli.so
01e8c000-01e8e000 r--p 00040000 08:06 275229     /usr/lib/openoffice/basis3.1/program/libgoli.so
01e8e000-01e8f000 rw-p 00042000 08:06 275229     /usr/lib/openoffice/basis3.1/program/libgoli.so
01e8f000-01e90000 r-xs 00000000 08:06 257725     /home/arnaud/.execooo00gHWC (deleted)
01e90000-01e91000 r-xs 00000000 08:06 257726     /home/arnaud/.execooo4FjYCR (deleted)
01e91000-01e93000 r-xp 00000000 08:06 6719       /usr/lib/kde4/libkfilemodule.so
01e93000-01e94000 r--p 00001000 08:06 6719       /usr/lib/kde4/libkfilemodule.so
01e94000-01e95000 rw-p 00002000 08:06 6719       /usr/lib/kde4/libkfilemodule.so
01e95000-01e96000 r-xs 00000000 08:06 257038     /home/arnaud/.execooo8fWdaj (deleted)
01e96000-01ea6000 r-xp 00000000 08:06 248184     /lib/tls/i686/cmov/libresolv-2.10.1.so
01ea6000-01ea7000 r--p 00010000 08:06 248184     /lib/tls/i686/cmov/libresolv-2.10.1.so
01ea7000-01ea8000 rw-p 00011000 08:06 248184     /lib/tls/i686/cmov/libresolv-2.10.1.so
01ea8000-01eaa000 rw-p 00000000 00:00 0 
01eaa000-020d5000 r-xp 00000000 08:06 7762       /usr/lib/libQtCore.so.4.5.2
020d5000-020db000 r--p 0022a000 08:06 7762       /usr/lib/libQtCore.so.4.5.2
020db000-020dc000 rw-p 00230000 08:06 7762       /usr/lib/libQtCore.so.4.5.2
020dc000-020dd000 rw-p 00000000 00:00 0 
020dd000-0210c000 r-xp 00000000 08:06 275209     /usr/lib/openoffice/basis3.1/program/libcanvastoolsli.so
0210c000-0210d000 r--p 0002f000 08:06 275209     /usr/lib/openoffice/basis3.1/program/libcanvastoolsli.so
0210d000-0210e000 rw-p 00030000 08:06 275209     /usr/lib/openoffice/basis3.1/program/libcanvastoolsli.so
0210e000-02112000 r-xp 00000000 08:06 275233     /usr/lib/openoffice/basis3.1/program/libtextcat.so
02112000-02113000 r--p 00003000 08:06 275233     /usr/lib/openoffice/basis3.1/program/libtextcat.so
02113000-02114000 rw-p 00004000 08:06 275233     /usr/lib/openoffice/basis3.1/program/libtextcat.so
02114000-02115000 r-xs 00000000 08:06 257729     /home/arnaud/.execooocj73lh (deleted)
02115000-02116000 r-xs 00000000 08:06 257730     /home/arnaud/.execooobiLceg (deleted)
02116000-02117000 r-xs 00000000 08:06 257735     /home/arnaud/.execoookAR1Yd (deleted)
02117000-0214c000 r-xp 00000000 08:06 5049       /usr/lib/libxslt.so.1.1.24
0214c000-0214d000 r--p 00034000 08:06 5049       /usr/lib/libxslt.so.1.1.24
0214d000-0214e000 rw-p 00035000 08:06 5049       /usr/lib/libxslt.so.1.1.24
0214e000-0215c000 r-xp 00000000 08:06 4786       /usr/lib/libavahi-client.so.3.2.5
0215c000-0215d000 ---p 0000e000 08:06 4786       /usr/lib/libavahi-client.so.3.2.5
0215d000-0215e000 r--p 0000e000 08:06 4786       /usr/lib/libavahi-client.so.3.2.5
0215e000-0215f000 rw-p 0000f000 08:06 4786       /usr/lib/libavahi-client.so.3.2.5
0215f000-02185000 r-xp 00000000 08:06 2603       /usr/lib/libk5crypto.so.3.1
02185000-02186000 ---p 00026000 08:06 2603       /usr/lib/libk5crypto.so.3.1
02186000-02187000 r--p 00026000 08:06 2603       /usr/lib/libk5crypto.so.3.1
02187000-02188000 rw-p 00027000 08:06 2603       /usr/lib/libk5crypto.so.3.1
02188000-02198000 r-xp 00000000 08:06 4951       /usr/lib/libtasn1.so.3.1.5
02198000-02199000 r--p 0000f000 08:06 4951       /usr/lib/libtasn1.so.3.1.5
02199000-0219a000 rw-p 00010000 08:06 4951       /usr/lib/libtasn1.so.3.1.5
0219a000-0219c000 r-xp 00000000 08:06 249084     /lib/tls/i686/cmov/libutil-2.10.1.so
0219c000-0219d000 r--p 00001000 08:06 249084     /lib/tls/i686/cmov/libutil-2.10.1.so
0219d000-0219e000 rw-p 00002000 08:06 249084     /lib/tls/i686/cmov/libutil-2.10.1.so
0219e000-021ab000 r-xp 00000000 08:06 263224     /usr/lib/openoffice/basis3.1/program/libvclplug_kde4li.so
021ab000-021ac000 r--p 0000c000 08:06 263224     /usr/lib/openoffice/basis3.1/program/libvclplug_kde4li.so
021ac000-021ad000 rw-p 0000d000 08:06 263224     /usr/lib/openoffice/basis3.1/program/libvclplug_kde4li.so
021ad000-02249000 r-xp 00000000 08:06 275234     /usr/lib/openoffice/basis3.1/program/liblngli.so
02249000-0224a000 ---p 0009c000 08:06 275234     /usr/lib/openoffice/basis3.1/program/liblngli.so
0224a000-0224e000 r--p 0009c000 08:06 275234     /usr/lib/openoffice/basis3.1/program/liblngli.so
0224e000-0224f000 rw-p 000a0000 08:06 275234     /usr/lib/openoffice/basis3.1/program/liblngli.so
0224f000-02250000 rw-p 00000000 00:00 0 
02250000-0226e000 r-xp 00000000 08:06 275305     /usr/lib/openoffice/basis3.1/program/liblocaledata_en.so
0226e000-0226f000 r--p 0001d000 08:06 275305     /usr/lib/openoffice/basis3.1/program/liblocaledata_en.so
0226f000-02274000 rw-p 0001e000 08:06 275305     /usr/lib/openoffice/basis3.1/program/liblocaledata_en.so
02274000-02292000 r-xp 00000000 08:06 206268     /usr/lib/ure/lib/reflection.uno.so
02292000-02294000 r--p 0001d000 08:06 206268     /usr/lib/ure/lib/reflection.uno.so
02294000-02295000 rw-p 0001f000 08:06 206268     /usr/lib/ure/lib/reflection.uno.so
02295000-02335000 r-xp 00000000 08:06 275266     /usr/lib/openoffice/basis3.1/program/libxcrli.so
02335000-02336000 ---p 000a0000 08:06 275266     /usr/lib/openoffice/basis3.1/program/libxcrli.so
02336000-0233a000 r--p 000a0000 08:06 275266     /usr/lib/openoffice/basis3.1/program/libxcrli.so
0233a000-0233b000 rw-p 000a4000 08:06 275266     /usr/lib/openoffice/basis3.1/program/libxcrli.so
0233b000-02346000 r-xp 00000000 08:06 7412       /usr/lib/liblber-2.4.so.2.5.1
02346000-02347000 r--p 0000a000 08:06 7412       /usr/lib/liblber-2.4.so.2.5.1
02347000-02348000 rw-p 0000b000 08:06 7412       /usr/lib/liblber-2.4.so.2.5.1
02348000-02350000 r-xp 00000000 08:06 275309     /usr/lib/openoffice/basis3.1/program/libmcnttype.so
02350000-02351000 r--p 00007000 08:06 275309     /usr/lib/openoffice/basis3.1/program/libmcnttype.so
02351000-02352000 rw-p 00008000 08:06 275309     /usr/lib/openoffice/basis3.1/program/libmcnttype.so
02352000-02353000 r-xs 00000000 08:06 257737     /home/arnaud/.execooowyUydc (deleted)
02353000-02374000 r-xp 00000000 08:06 275227     /usr/lib/openoffice/basis3.1/program/libfwlli.so
02374000-02375000 r--p 00020000 08:06 275227     /usr/lib/openoffice/basis3.1/program/libfwlli.so
02375000-02376000 rw-p 00021000 08:06 275227     /usr/lib/openoffice/basis3.1/program/libfwlli.so
02376000-02419000 r-xp 00000000 08:06 4448       /usr/lib/libgnutls.so.26.14.10
02419000-0241d000 r--p 000a2000 08:06 4448       /usr/lib/libgnutls.so.26.14.10
0241d000-0241e000 rw-p 000a6000 08:06 4448       /usr/lib/libgnutls.so.26.14.10
0241e000-02439000 r-xp 00000000 08:06 275303     /usr/lib/openoffice/basis3.1/program/ldapbe2.uno.so
02439000-0243a000 ---p 0001b000 08:06 275303     /usr/lib/openoffice/basis3.1/program/ldapbe2.uno.so
0243a000-0243b000 r--p 0001b000 08:06 275303     /usr/lib/openoffice/basis3.1/program/ldapbe2.uno.so
0243b000-0243c000 rw-p 0001c000 08:06 275303     /usr/lib/openoffice/basis3.1/program/ldapbe2.uno.so
0243c000-0245b000 r-xp 00000000 08:06 206253     /usr/lib/ure/lib/introspection.uno.so
0245b000-0245c000 ---p 0001f000 08:06 206253     /usr/lib/ure/lib/introspection.uno.so
0245c000-0245d000 r--p 0001f000 08:06 206253     /usr/lib/ure/lib/introspection.uno.so
0245d000-0245e000 rw-p 00020000 08:06 206253     /usr/lib/ure/lib/introspection.uno.so
0245e000-0246a000 r-xp 00000000 08:06 275289     /usr/lib/openoffice/basis3.1/program/libevtatt.so
0246a000-0246b000 ---p 0000c000 08:06 275289     /usr/lib/openoffice/basis3.1/program/libevtatt.so
0246b000-0246c000 r--p 0000c000 08:06 275289     /usr/lib/openoffice/basis3.1/program/libevtatt.so
0246c000-0246d000 rw-p 0000d000 08:06 275289     /usr/lib/openoffice/basis3.1/program/libevtatt.so
0246d000-02479000 r-xp 00000000 08:06 275230     /usr/lib/openoffice/basis3.1/program/libguesslangli.so
02479000-0247a000 r--p 0000b000 08:06 275230     /usr/lib/openoffice/basis3.1/program/libguesslangli.so
0247a000-0247b000 rw-p 0000c000 08:06 275230     /usr/lib/openoffice/basis3.1/program/libguesslangli.so
0247b000-0247c000 r-xs 00000000 08:06 257738     /home/arnaud/.execoooVKQEvb (deleted)
0247c000-0247d000 r-xs 00000000 08:06 257739     /home/arnaud/.execoooaI9UNa (deleted)
0247d000-0247e000 r-xs 00000000 08:06 257740     /home/arnaud/.execooofYwg69 (deleted)
0247f000-024d0000 r-xp 00000000 08:06 1850       /usr/lib/libQtSvg.so.4.5.2
024d0000-024d1000 r--p 00051000 08:06 1850       /usr/lib/libQtSvg.so.4.5.2
024d1000-024d2000 rw-p 00052000 08:06 1850       /usr/lib/libQtSvg.so.4.5.2
024d2000-02513000 r-xp 00000000 08:06 7413       /usr/lib/libldap_r-2.4.so.2.5.1
02513000-02514000 ---p 00041000 08:06 7413       /usr/lib/libldap_r-2.4.so.2.5.1
02514000-02515000 r--p 00041000 08:06 7413       /usr/lib/libldap_r-2.4.so.2.5.1
02515000-02516000 rw-p 00042000 08:06 7413       /usr/lib/libldap_r-2.4.so.2.5.1
02516000-02517000 rw-p 00000000 00:00 0 
02517000-02527000 r-xp 00000000 08:06 263223     /usr/lib/openoffice/basis3.1/program/fps_kde4.uno.so
02527000-02528000 r--p 0000f000 08:06 263223     /usr/lib/openoffice/basis3.1/program/fps_kde4.uno.so
02528000-02529000 rw-p 00010000 08:06 263223     /usr/lib/openoffice/basis3.1/program/fps_kde4.uno.so
0252e000-02654000 r-xp 00000000 08:06 4617       /usr/lib/libicuuc.so.40.1
02654000-02655000 ---p 00126000 08:06 4617       /usr/lib/libicuuc.so.40.1
02655000-0265d000 r--p 00126000 08:06 4617       /usr/lib/libicuuc.so.40.1
0265d000-0265e000 rw-p 0012e000 08:06 4617       /usr/lib/libicuuc.so.40.1
0265e000-02660000 rw-p 00000000 00:00 0 
02660000-028d7000 r-xp 00000000 08:06 6624       /usr/lib/libkio.so.5.3.0
028d7000-028d8000 ---p 00277000 08:06 6624       /usr/lib/libkio.so.5.3.0
028d8000-028e0000 r--p 00277000 08:06 6624       /usr/lib/libkio.so.5.3.0
028e0000-028e4000 rw-p 0027f000 08:06 6624       /usr/lib/libkio.so.5.3.0
028e4000-028fe000 r-xp 00000000 08:06 275320     /usr/lib/openoffice/basis3.1/program/svtmisc.uno.so
028fe000-02900000 r--p 00019000 08:06 275320     /usr/lib/openoffice/basis3.1/program/svtmisc.uno.so
02900000-02901000 rw-p 0001b000 08:06 275320     /usr/lib/openoffice/basis3.1/program/svtmisc.uno.so
02901000-02907000 r-xp 00000000 08:06 7739       /usr/lib/qt4/plugins/inputmethods/libqimsw-multi.so
02907000-02908000 r--p 00005000 08:06 7739       /usr/lib/qt4/plugins/inputmethods/libqimsw-multi.so
02908000-02909000 rw-p 00006000 08:06 7739       /usr/lib/qt4/plugins/inputmethods/libqimsw-multi.so
02909000-02912000 r-xp 00000000 08:06 7869       /usr/lib/qt4/plugins/inputmethods/libqtim-ibus.so
02912000-02913000 r--p 00008000 08:06 7869       /usr/lib/qt4/plugins/inputmethods/libqtim-ibus.so
02913000-02914000 rw-p 00009000 08:06 7869       /usr/lib/qt4/plugins/inputmethods/libqtim-ibus.so
02914000-02919000 r-xp 00000000 08:06 7734       /usr/lib/qt4/plugins/imageformats/libqgif.so
02919000-0291a000 r--p 00004000 08:06 7734       /usr/lib/qt4/plugins/imageformats/libqgif.so
0291a000-0291b000 rw-p 00005000 08:06 7734       /usr/lib/qt4/plugins/imageformats/libqgif.so
0291b000-0291f000 r-xp 00000000 08:06 7738       /usr/lib/qt4/plugins/imageformats/libqtiff.so
0291f000-02920000 r--p 00003000 08:06 7738       /usr/lib/qt4/plugins/imageformats/libqtiff.so
02920000-02921000 rw-p 00004000 08:06 7738       /usr/lib/qt4/plugins/imageformats/libqtiff.so
02924000-02948000 r-xp 00000000 08:06 7689       /usr/lib/libpangoft2-1.0.so.0.2600.0
02948000-02949000 r--p 00023000 08:06 7689       /usr/lib/libpangoft2-1.0.so.0.2600.0
02949000-0294a000 rw-p 00024000 08:06 7689       /usr/lib/libpangoft2-1.0.so.0.2600.0
0294a000-02b10000 r-xp 00000000 08:06 275281     /usr/lib/openoffice/basis3.1/program/configmgr2.uno.so
02b10000-02b20000 r--p 001c5000 08:06 275281     /usr/lib/openoffice/basis3.1/program/configmgr2.uno.so
02b20000-02b22000 rw-p 001d5000 08:06 275281     /usr/lib/openoffice/basis3.1/program/configmgr2.uno.so
02b22000-02b9b000 r-xp 00000000 08:06 938        /lib/libgcrypt.so.11.5.2
02b9b000-02b9c000 r--p 00078000 08:06 938        /lib/libgcrypt.so.11.5.2
02b9c000-02b9e000 rw-p 00079000 08:06 938        /lib/libgcrypt.so.11.5.2
02ba3000-02c13000 r-xp 00000000 08:06 10025      /usr/lib/libfreetype.so.6.3.20
02c13000-02c17000 r--p 0006f000 08:06 10025      /usr/lib/libfreetype.so.6.3.20
02c17000-02c18000 rw-p 00073000 08:06 10025      /usr/lib/libfreetype.so.6.3.20
02c18000-02f90000 r-xp 00000000 08:06 6616       /usr/lib/libkdeui.so.5.3.0
02f90000-02fa3000 r--p 00377000 08:06 6616       /usr/lib/libkdeui.so.5.3.0
02fa3000-02fa9000 rw-p 0038a000 08:06 6616       /usr/lib/libkdeui.so.5.3.0
02fa9000-02faa000 rw-p 00000000 00:00 0 
02faa000-02fb3000 r-xp 00000000 08:06 7736       /usr/lib/qt4/plugins/imageformats/libqjpeg.so
02fb3000-02fb4000 r--p 00008000 08:06 7736       /usr/lib/qt4/plugins/imageformats/libqjpeg.so
02fb4000-02fb5000 rw-p 00009000 08:06 7736       /usr/lib/qt4/plugins/imageformats/libqjpeg.so
02fb5000-02fbb000 r-xp 00000000 08:06 6705       /usr/lib/kde4/plugins/imageformats/kimg_dds.so
02fbb000-02fbc000 r--p 00006000 08:06 6705       /usr/lib/kde4/plugins/imageformats/kimg_dds.so
02fbc000-02fbd000 rw-p 00007000 08:06 6705       /usr/lib/kde4/plugins/imageformats/kimg_dds.so
02fbd000-02fc4000 r-xp 00000000 08:06 6704       /usr/lib/kde4/plugins/imageformats/kimg_eps.so
02fc4000-02fc5000 r--p 00006000 08:06 6704       /usr/lib/kde4/plugins/imageformats/kimg_eps.so
02fc5000-02fc6000 rw-p 00007000 08:06 6704       /usr/lib/kde4/plugins/imageformats/kimg_eps.so
02fc8000-03007000 r-xp 00000000 08:06 275325     /usr/lib/openoffice/basis3.1/program/libucb1.so
03007000-03008000 ---p 0003f000 08:06 275325     /usr/lib/openoffice/basis3.1/program/libucb1.so
03008000-0300a000 r--p 0003f000 08:06 275325     /usr/lib/openoffice/basis3.1/program/libucb1.so
0300a000-0300b000 rw-p 00041000 08:06 275325     /usr/lib/openoffice/basis3.1/program/libucb1.so
0300b000-03170000 r-xp 00000000 08:06 4216       /usr/lib/libdb-4.7.so
03170000-03172000 r--p 00164000 08:06 4216       /usr/lib/libdb-4.7.so
03172000-03173000 rw-p 00166000 08:06 4216       /usr/lib/libdb-4.7.so
03173000-031d4000 r-xp 00000000 08:06 275334     /usr/lib/openoffice/basis3.1/program/libunoxmlli.so
031d4000-031db000 r--p 00061000 08:06 275334     /usr/lib/openoffice/basis3.1/program/libunoxmlli.so
031db000-031dc000 rw-p 00068000 08:06 275334     /usr/lib/openoffice/basis3.1/program/libunoxmlli.so
031dd000-03277000 r-xp 00000000 08:06 275241     /usr/lib/openoffice/basis3.1/program/libpspli.so
03277000-0327a000 r--p 0009a000 08:06 275241     /usr/lib/openoffice/basis3.1/program/libpspli.so
0327a000-032c0000 rw-p 0009d000 08:06 275241     /usr/lib/openoffice/basis3.1/program/libpspli.so
032c0000-032c2000 rw-p 00000000 00:00 0 
032c2000-0341b000 r-xp 00000000 08:06 275298     /usr/lib/openoffice/basis3.1/program/i18npool.uno.so
0341b000-03428000 r--p 00159000 08:06 275298     /usr/lib/openoffice/basis3.1/program/i18npool.uno.so
03428000-0342b000 rw-p 00166000 08:06 275298     /usr/lib/openoffice/basis3.1/program/i18npool.uno.so
0342b000-0342d000 rw-p 00000000 00:00 0 
0342d000-034de000 r-xp 00000000 08:06 265136     /usr/lib/openoffice/basis3.1/program/libvbahelperli.so
034de000-034e6000 r--p 000b0000 08:06 265136     /usr/lib/openoffice/basis3.1/program/libvbahelperli.so
034e6000-034e7000 rw-p 000b8000 08:06 265136     /usr/lib/openoffice/basis3.1/program/libvbahelperli.so
034e7000-034ec000 r-xp 00000000 08:06 6699       /usr/lib/kde4/plugins/imageformats/kimg_exr.so
034ec000-034ed000 r--p 00004000 08:06 6699       /usr/lib/kde4/plugins/imageformats/kimg_exr.so
034ed000-034ee000 rw-p 00005000 08:06 6699       /usr/lib/kde4/plugins/imageformats/kimg_exr.so
034f2000-03533000 r-xp 00000000 08:06 7749       /usr/lib/libQtXml.so.4.5.2
03533000-03534000 r--p 00041000 08:06 7749       /usr/lib/libQtXml.so.4.5.2
03534000-03535000 rw-p 00042000 08:06 7749       /usr/lib/libQtXml.so.4.5.2
03535000-035ac000 r-xp 00000000 08:06 275342     /usr/lib/openoffice/basis3.1/program/libxstor.so
035ac000-035ae000 r--p 00076000 08:06 275342     /usr/lib/openoffice/basis3.1/program/libxstor.so
035ae000-035af000 rw-p 00078000 08:06 275342     /usr/lib/openoffice/basis3.1/program/libxstor.so
035b3000-035b7000 r-xp 00000000 08:06 900        /lib/libattr.so.1.1.0
035b7000-035b8000 r--p 00003000 08:06 900        /lib/libattr.so.1.1.0
035b8000-035b9000 rw-p 00004000 08:06 900        /lib/libattr.so.1.1.0
035b9000-035e5000 r-xp 00000000 08:06 7868       /usr/lib/libibus-qt.so
035e5000-035e6000 r--p 0002c000 08:06 7868       /usr/lib/libibus-qt.so
035e6000-035e7000 rw-p 0002d000 08:06 7868       /usr/lib/libibus-qt.so
035e7000-03617000 r-xp 00000000 08:06 910        /usr/lib/liblcms.so.1.0.18
03617000-03618000 r--p 0002f000 08:06 910        /usr/lib/liblcms.so.1.0.18
03618000-03619000 rw-p 00030000 08:06 910        /usr/lib/liblcms.so.1.0.18
03619000-0361b000 rw-p 00000000 00:00 0 
0361c000-03639000 r-xp 00000000 08:06 206269     /usr/lib/ure/lib/libreg.so.3
03639000-0363a000 r--p 0001d000 08:06 206269     /usr/lib/ure/lib/libreg.so.3
0363a000-0363b000 rw-p 0001e000 08:06 206269     /usr/lib/ure/lib/libreg.so.3
0363b000-03937000 r-xp 00000000 08:06 275226     /usr/lib/openoffice/basis3.1/program/libfwkli.so
03937000-03945000 r--p 002fc000 08:06 275226     /usr/lib/openoffice/basis3.1/program/libfwkli.so
03945000-03947000 rw-p 0030a000 08:06 275226     /usr/lib/openoffice/basis3.1/program/libfwkli.so
03947000-03949000 rw-p 00000000 00:00 0 
03949000-039d5000 r-xp 00000000 08:06 6729       /usr/lib/libkfile.so.4.3.0
039d5000-039d8000 r--p 0008b000 08:06 6729       /usr/lib/libkfile.so.4.3.0
039d8000-039da000 rw-p 0008e000 08:06 6729       /usr/lib/libkfile.so.4.3.0
039da000-039f0000 r-xp 00000000 08:06 3976       /usr/lib/libIex.so.6.0.0
039f0000-039f2000 r--p 00015000 08:06 3976       /usr/lib/libIex.so.6.0.0
039f2000-039f3000 rw-p 00017000 08:06 3976       /usr/lib/libIex.so.6.0.0
039f3000-039f9000 r-xp 00000000 08:06 3980       /usr/lib/libIlmThread.so.6.0.0
039f9000-039fa000 r--p 00005000 08:06 3980       /usr/lib/libIlmThread.so.6.0.0
039fa000-039fb000 rw-p 00006000 08:06 3980       /usr/lib/libIlmThread.so.6.0.0
039fb000-039ff000 r-xp 00000000 08:06 6700       /usr/lib/kde4/plugins/imageformats/kimg_jp2.so
039ff000-03a00000 r--p 00003000 08:06 6700       /usr/lib/kde4/plugins/imageformats/kimg_jp2.so
03a00000-03a01000 rw-p 00004000 08:06 6700       /usr/lib/kde4/plugins/imageformats/kimg_jp2.so
03a01000-03a05000 r-xp 00000000 08:06 6708       /usr/lib/kde4/plugins/imageformats/kimg_psd.so
03a05000-03a06000 r--p 00003000 08:06 6708       /usr/lib/kde4/plugins/imageformats/kimg_psd.so
03a06000-03a07000 rw-p 00004000 08:06 6708       /usr/lib/kde4/plugins/imageformats/kimg_psd.so
03a07000-03a11000 r-xp 00000000 08:06 6703       /usr/lib/kde4/plugins/imageformats/kimg_rgb.so
03a11000-03a12000 r--p 00009000 08:06 6703       /usr/lib/kde4/plugins/imageformats/kimg_rgb.so
03a12000-03a13000 rw-p 0000a000 08:06 6703       /usr/lib/kde4/plugins/imageformats/kimg_rgb.so
03a13000-03a18000 r-xp 00000000 08:06 6706       /usr/lib/kde4/plugins/imageformats/kimg_tga.so
03a18000-03a19000 r--p 00004000 08:06 6706       /usr/lib/kde4/plugins/imageformats/kimg_tga.so
03a19000-03a1a000 rw-p 00005000 08:06 6706       /usr/lib/kde4/plugins/imageformats/kimg_tga.so
03a1e000-03a42000 r-xp 00000000 08:06 1913       /lib/libexpat.so.1.5.2
03a42000-03a44000 r--p 00024000 08:06 1913       /lib/libexpat.so.1.5.2
03a44000-03a45000 rw-p 00026000 08:06 1913       /lib/libexpat.so.1.5.2
03a45000-043c0000 r-xp 00000000 08:06 7731       /usr/lib/libQtGui.so.4.5.2
043c0000-043de000 r--p 0097a000 08:06 7731       /usr/lib/libQtGui.so.4.5.2
043de000-043e1000 rw-p 00998000 08:06 7731       /usr/lib/libQtGui.so.4.5.2
043e1000-043e3000 rw-p 00000000 00:00 0 
043e3000-044f4000 r-xp 00000000 08:06 265134     /usr/lib/openoffice/basis3.1/program/libsvxmsfilterli.so
044f4000-044f8000 r--p 00110000 08:06 265134     /usr/lib/openoffice/basis3.1/program/libsvxmsfilterli.so
044f8000-044fa000 rw-p 00114000 08:06 265134     /usr/lib/openoffice/basis3.1/program/libsvxmsfilterli.so
044fa000-0450a000 r-xp 00000000 08:06 6702       /usr/lib/kde4/plugins/imageformats/kimg_xcf.so
0450a000-0450b000 r--p 0000f000 08:06 6702       /usr/lib/kde4/plugins/imageformats/kimg_xcf.so
0450b000-0450c000 rw-p 00010000 08:06 6702       /usr/lib/kde4/plugins/imageformats/kimg_xcf.so
0450c000-04510000 rw-p 00000000 00:00 0 
04510000-04514000 r-xp 00000000 08:06 6707       /usr/lib/kde4/plugins/imageformats/kimg_xview.so
04514000-04515000 r--p 00003000 08:06 6707       /usr/lib/kde4/plugins/imageformats/kimg_xview.so
04515000-04516000 rw-p 00004000 08:06 6707       /usr/lib/kde4/plugins/imageformats/kimg_xview.so
04516000-0451c000 r-xp 00000000 08:06 206267     /usr/lib/ure/lib/proxyfac.uno.so
0451c000-0451d000 r--p 00005000 08:06 206267     /usr/lib/ure/lib/proxyfac.uno.so
0451d000-0451e000 rw-p 00006000 08:06 206267     /usr/lib/ure/lib/proxyfac.uno.so
04521000-0452b000 r-xp 00000000 08:06 233203     /lib/tls/i686/cmov/libnss_files-2.10.1.so
0452b000-0452c000 r--p 00009000 08:06 233203     /lib/tls/i686/cmov/libnss_files-2.10.1.so
0452c000-0452d000 rw-p 0000a000 08:06 233203     /lib/tls/i686/cmov/libnss_files-2.10.1.so
0452d000-045e6000 r-xp 00000000 08:06 275307     /usr/lib/openoffice/basis3.1/program/liblocaledata_euro.so
045e6000-045e7000 r--p 000b8000 08:06 275307     /usr/lib/openoffice/basis3.1/program/liblocaledata_euro.so
045e7000-04609000 rw-p 000b9000 08:06 275307     /usr/lib/openoffice/basis3.1/program/liblocaledata_euro.so
04609000-0465a000 r-xp 00000000 08:06 1513       /usr/lib/libtiff.so.4.2.1
0465a000-0465b000 ---p 00051000 08:06 1513       /usr/lib/libtiff.so.4.2.1
0465b000-0465d000 r--p 00051000 08:06 1513       /usr/lib/libtiff.so.4.2.1
0465d000-0465e000 rw-p 00053000 08:06 1513       /usr/lib/libtiff.so.4.2.1
0465e000-04682000 r-xp 00000000 08:06 206274     /usr/lib/ure/lib/streams.uno.so
04682000-04684000 r--p 00024000 08:06 206274     /usr/lib/ure/lib/streams.uno.so
04684000-04685000 rw-p 00026000 08:06 206274     /usr/lib/ure/lib/streams.uno.so
04689000-046a5000 r-xp 00000000 08:06 275231     /usr/lib/openoffice/basis3.1/program/libhelplinkerli.so
046a5000-046a6000 r--p 0001c000 08:06 275231     /usr/lib/openoffice/basis3.1/program/libhelplinkerli.so
046a6000-046a7000 rw-p 0001d000 08:06 275231     /usr/lib/openoffice/basis3.1/program/libhelplinkerli.so
046a7000-046af000 r-xp 00000000 08:06 206257     /usr/lib/ure/lib/javaloader.uno.so
046af000-046b0000 r--p 00007000 08:06 206257     /usr/lib/ure/lib/javaloader.uno.so
046b0000-046b1000 rw-p 00008000 08:06 206257     /usr/lib/ure/lib/javaloader.uno.so
046b5000-046e0000 r-xp 00000000 08:06 4307       /usr/lib/libfontconfig.so.1.3.0
046e0000-046e1000 r--p 0002a000 08:06 4307       /usr/lib/libfontconfig.so.1.3.0
046e1000-046e2000 rw-p 0002b000 08:06 4307       /usr/lib/libfontconfig.so.1.3.0
046e2000-0486d000 r-xp 00000000 08:06 4607       /usr/lib/libicui18n.so.40.1
0486d000-04872000 r--p 0018b000 08:06 4607       /usr/lib/libicui18n.so.40.1
04872000-04874000 rw-p 00190000 08:06 4607       /usr/lib/libicui18n.so.40.1
04874000-049c7000 r-xp 00000000 08:06 265146     /usr/lib/openoffice/basis3.1/program/libmswordli.so
049c7000-049ca000 r--p 00153000 08:06 265146     /usr/lib/openoffice/basis3.1/program/libmswordli.so
049ca000-049ce000 rw-p 00156000 08:06 265146     /usr/lib/openoffice/basis3.1/program/libmswordli.so
049ce000-049d2000 r-xp 00000000 08:06 261927     /usr/lib/openoffice/basis3.1/program/pythonloader.uno.so
049d2000-049d3000 r--p 00004000 08:06 261927     /usr/lib/openoffice/basis3.1/program/pythonloader.uno.so
049d3000-049d4000 rw-p 00005000 08:06 261927     /usr/lib/openoffice/basis3.1/program/pythonloader.uno.so
049d4000-049df000 r-xp 00000000 08:06 206254     /usr/lib/ure/lib/invocadapt.uno.so
049df000-049e0000 r--p 0000a000 08:06 206254     /usr/lib/ure/lib/invocadapt.uno.so
049e0000-049e1000 rw-p 0000b000 08:06 206254     /usr/lib/ure/lib/invocadapt.uno.so
049e5000-04a34000 r-xp 00000000 08:06 4048       /usr/lib/libXt.so.6.0.0
04a34000-04a35000 r--p 0004f000 08:06 4048       /usr/lib/libXt.so.6.0.0
04a35000-04a38000 rw-p 00050000 08:06 4048       /usr/lib/libXt.so.6.0.0
04a38000-04b30000 r-xp 00000000 08:06 265185     /usr/lib/openoffice/basis3.1/program/libvbaswobjli.uno.so
04b30000-04b40000 r--p 000f8000 08:06 265185     /usr/lib/openoffice/basis3.1/program/libvbaswobjli.uno.so
04b40000-04b42000 rw-p 00108000 08:06 265185     /usr/lib/openoffice/basis3.1/program/libvbaswobjli.uno.so
04b42000-04c02000 r-xp 00000000 08:06 3978       /usr/lib/libIlmImf.so.6.0.0
04c02000-04c04000 r--p 000bf000 08:06 3978       /usr/lib/libIlmImf.so.6.0.0
04c04000-04c05000 rw-p 000c1000 08:06 3978       /usr/lib/libIlmImf.so.6.0.0
04c05000-04c22000 r-xp 00000000 08:06 206258     /usr/lib/ure/lib/javavm.uno.so
04c22000-04c23000 ---p 0001d000 08:06 206258     /usr/lib/ure/lib/javavm.uno.so
04c23000-04c24000 r--p 0001d000 08:06 206258     /usr/lib/ure/lib/javavm.uno.so
04c24000-04c25000 rw-p 0001e000 08:06 206258     /usr/lib/ure/lib/javavm.uno.so
04c25000-04c2c000 r-xp 00000000 08:06 7967       /usr/lib/jvm/java-6-openjdk/jre/lib/i386/native_threads/libhpi.so
04c2c000-04c2d000 r--p 00006000 08:06 7967       /usr/lib/jvm/java-6-openjdk/jre/lib/i386/native_threads/libhpi.so
04c2d000-04c2e000 rw-p 00007000 08:06 7967       /usr/lib/jvm/java-6-openjdk/jre/lib/i386/native_threads/libhpi.so
04c2e000-04c34000 r-xp 00000000 08:06 266375     /usr/lib/python2.6/lib-dynload/_ssl.so
04c34000-04c35000 r--p 00005000 08:06 266375     /usr/lib/python2.6/lib-dynload/_ssl.so
04c35000-04c36000 rw-p 00006000 08:06 266375     /usr/lib/python2.6/lib-dynload/_ssl.so
04c36000-04c3a000 r-xp 00000000 08:06 4595       /usr/lib/libhyphen.so.0.2.0
04c3a000-04c3b000 r--p 00003000 08:06 4595       /usr/lib/libhyphen.so.0.2.0
04c3b000-04c3c000 rw-p 00004000 08:06 4595       /usr/lib/libhyphen.so.0.2.0
04c3d000-04c6f000 r-xp 00000000 08:06 275256     /usr/lib/openoffice/basis3.1/program/libdtransX11li.so
04c6f000-04c71000 r--p 00032000 08:06 275256     /usr/lib/openoffice/basis3.1/program/libdtransX11li.so
04c71000-04c72000 rw-p 00034000 08:06 275256     /usr/lib/openoffice/basis3.1/program/libdtransX11li.so
04c72000-04cb4000 r-xp 00000000 08:06 3967       /usr/lib/libHalf.so.6.0.0
04cb4000-04cb5000 r--p 00041000 08:06 3967       /usr/lib/libHalf.so.6.0.0
04cb5000-04cb6000 rw-p 00042000 08:06 3967       /usr/lib/libHalf.so.6.0.0
04cb6000-04cff000 r-xp 00000000 08:06 4638       /usr/lib/libjasper.so.1.0.0
04cff000-04d00000 r--p 00048000 08:06 4638       /usr/lib/libjasper.so.1.0.0
04d00000-04d03000 rw-p 00049000 08:06 4638       /usr/lib/libjasper.so.1.0.0
04d03000-04d09000 rw-p 00000000 00:00 0 
04d09000-04d4f000 r-xp 00000000 08:06 275345     /usr/lib/openoffice/basis3.1/program/ucptdoc1.uno.so
04d4f000-04d51000 r--p 00045000 08:06 275345     /usr/lib/openoffice/basis3.1/program/ucptdoc1.uno.so
04d51000-04d52000 rw-p 00047000 08:06 275345     /usr/lib/openoffice/basis3.1/program/ucptdoc1.uno.so
04d52000-04d64000 r-xp 00000000 08:06 206255     /usr/lib/ure/lib/invocation.uno.so
04d64000-04d65000 r--p 00011000 08:06 206255     /usr/lib/ure/lib/invocation.uno.so
04d65000-04d66000 rw-p 00012000 08:06 206255     /usr/lib/ure/lib/invocation.uno.so
04d6b000-04d81000 r-xp 00000000 08:06 4232       /usr/lib/libdirect-1.2.so.0.7.0
04d81000-04d82000 r--p 00015000 08:06 4232       /usr/lib/libdirect-1.2.so.0.7.0
04d82000-04d83000 rw-p 00016000 08:06 4232       /usr/lib/libdirect-1.2.so.0.7.0
04d83000-04da6000 r-xp 00000000 08:06 7947       /usr/lib/jvm/java-6-openjdk/jre/lib/i386/libjava.so
04da6000-04da7000 r--p 00023000 08:06 7947       /usr/lib/jvm/java-6-openjdk/jre/lib/i386/libjava.so
04da7000-04da9000 rw-p 00024000 08:06 7947       /usr/lib/jvm/java-6-openjdk/jre/lib/i386/libjava.so
04da9000-04dc8000 r-xp 00000000 08:06 206256     /usr/lib/ure/lib/libjava_uno.so
04dc8000-04dc9000 r--p 0001e000 08:06 206256     /usr/lib/ure/lib/libjava_uno.so
04dc9000-04dca000 rw-p 0001f000 08:06 206256     /usr/lib/ure/lib/libjava_uno.so
04dca000-04de2000 r-xp 00000000 08:06 275275     /usr/lib/openoffice/basis3.1/program/basprovli.uno.so
04de2000-04de3000 r--p 00018000 08:06 275275     /usr/lib/openoffice/basis3.1/program/basprovli.uno.so
04de3000-04de4000 rw-p 00019000 08:06 275275     /usr/lib/openoffice/basis3.1/program/basprovli.uno.so
04de4000-04e12000 r-xp 00000000 08:06 264988     /usr/lib/openoffice/basis3.1/program/libpyuno.so
04e12000-04e13000 ---p 0002e000 08:06 264988     /usr/lib/openoffice/basis3.1/program/libpyuno.so
04e13000-04e14000 r--p 0002e000 08:06 264988     /usr/lib/openoffice/basis3.1/program/libpyuno.so
04e14000-04e15000 rw-p 0002f000 08:06 264988     /usr/lib/openoffice/basis3.1/program/libpyuno.so
04e15000-04e57000 r-xp 00000000 08:06 79         /lib/i686/cmov/libssl.so.0.9.8
04e57000-04e58000 ---p 00042000 08:06 79         /lib/i686/cmov/libssl.so.0.9.8
04e58000-04e59000 r--p 00042000 08:06 79         /lib/i686/cmov/libssl.so.0.9.8
04e59000-04e5c000 rw-p 00043000 08:06 79         /lib/i686/cmov/libssl.so.0.9.8
04e65000-04e69000 r-xp 00000000 08:06 4020       /usr/lib/libXdmcp.so.6.0.0
04e69000-04e6a000 rw-p 00003000 08:06 4020       /usr/lib/libXdmcp.so.6.0.0
04e6a000-04e7b000 r-xp 00000000 08:06 265209     /usr/lib/openoffice/basis3.1/program/libhyphenli.so
04e7b000-04e7c000 ---p 00011000 08:06 265209     /usr/lib/openoffice/basis3.1/program/libhyphenli.so
04e7c000-04e7d000 r--p 00011000 08:06 265209     /usr/lib/openoffice/basis3.1/program/libhyphenli.so
04e7d000-04e7e000 rw-p 00012000 08:06 265209     /usr/lib/openoffice/basis3.1/program/libhyphenli.so
04eb7000-04ed1000 r-xp 00000000 08:06 264910     /usr/lib/openoffice/basis3.1/program/libdeploymentmiscli.so
04ed1000-04ed2000 ---p 0001a000 08:06 264910     /usr/lib/openoffice/basis3.1/program/libdeploymentmiscli.so
04ed2000-04ed3000 r--p 0001a000 08:06 264910     /usr/lib/openoffice/basis3.1/program/libdeploymentmiscli.so
04ed3000-04ed4000 rw-p 0001b000 08:06 264910     /usr/lib/openoffice/basis3.1/program/libdeploymentmiscli.so
04ef6000-04f09000 r-xp 00000000 08:06 194541     /lib/tls/i686/cmov/libnsl-2.10.1.so
04f09000-04f0a000 r--p 00012000 08:06 194541     /lib/tls/i686/cmov/libnsl-2.10.1.so
04f0a000-04f0b000 rw-p 00013000 08:06 194541     /lib/tls/i686/cmov/libnsl-2.10.1.so
04f0b000-04f0d000 rw-p 00000000 00:00 0 
04f7a000-04f93000 r-xp 00000000 08:06 1006       /lib/libselinux.so.1
04f93000-04f94000 r--p 00018000 08:06 1006       /lib/libselinux.so.1
04f94000-04f95000 rw-p 00019000 08:06 1006       /lib/libselinux.so.1
04fdb000-0502e000 r-xp 00000000 08:06 275214     /usr/lib/openoffice/basis3.1/program/libcppcanvasli.so
0502e000-05031000 r--p 00052000 08:06 275214     /usr/lib/openoffice/basis3.1/program/libcppcanvasli.so
05031000-05032000 rw-p 00055000 08:06 275214     /usr/lib/openoffice/basis3.1/program/libcppcanvasli.so
0509b000-05323000 r-xp 00000000 08:06 275259     /usr/lib/openoffice/basis3.1/program/libtkli.so
05323000-05353000 r--p 00288000 08:06 275259     /usr/lib/openoffice/basis3.1/program/libtkli.so
05353000-05355000 rw-p 002b8000 08:06 275259     /usr/lib/openoffice/basis3.1/program/libtkli.so
05355000-05357000 rw-p 00000000 00:00 0 
05357000-054b6000 r-xp 00000000 08:06 275219     /usr/lib/openoffice/basis3.1/program/libdbtoolsli.so
054b6000-054be000 r--p 0015f000 08:06 275219     /usr/lib/openoffice/basis3.1/program/libdbtoolsli.so
054be000-054bf000 rw-p 00167000 08:06 275219     /usr/lib/openoffice/basis3.1/program/libdbtoolsli.so
054bf000-054c0000 rw-p 00000000 00:00 0 
05512000-05516000 r-xp 00000000 08:06 3982       /usr/lib/libImath.so.6.0.0
05516000-05517000 r--p 00003000 08:06 3982       /usr/lib/libImath.so.6.0.0
05517000-05518000 rw-p 00004000 08:06 3982       /usr/lib/libImath.so.6.0.0
0554c000-05567000 r-xp 00000000 08:06 206273     /usr/lib/ure/lib/libstore.so.3
05567000-05568000 r--p 0001a000 08:06 206273     /usr/lib/ure/lib/libstore.so.3
05568000-05569000 rw-p 0001b000 08:06 206273     /usr/lib/ure/lib/libstore.so.3
055fd000-055fe000 r-xs 00000000 08:06 257728     /home/arnaud/.execooowQJZZk (deleted)
0560f000-05721000 r-xp 00000000 08:06 7759       /usr/lib/libQtNetwork.so.4.5.2
05721000-05724000 r--p 00111000 08:06 7759       /usr/lib/libQtNetwork.so.4.5.2
05724000-05725000 rw-p 00114000 08:06 7759       /usr/lib/libQtNetwork.so.4.5.2
057cb000-05835000 r-xp 00000000 08:06 6626       /usr/lib/libsolid.so.4.3.0
05835000-0583c000 r--p 0006a000 08:06 6626       /usr/lib/libsolid.so.4.3.0
0583c000-0583d000 rw-p 00071000 08:06 6626       /usr/lib/libsolid.so.4.3.0
05844000-05845000 r-xs 00000000 08:06 257727     /home/arnaud/.execoooHWJqj6 (deleted)
05857000-0585a000 r-xp 00000000 08:06 275293     /usr/lib/openoffice/basis3.1/program/fpicker.uno.so
0585a000-0585b000 r--p 00002000 08:06 275293     /usr/lib/openoffice/basis3.1/program/fpicker.uno.so
0585b000-0585c000 rw-p 00003000 08:06 275293     /usr/lib/openoffice/basis3.1/program/fpicker.uno.so
0585c000-05989000 r-xp 00000000 08:06 986        /lib/i686/cmov/libcrypto.so.0.9.8
05989000-05991000 r--p 0012c000 08:06 986        /lib/i686/cmov/libcrypto.so.0.9.8
05991000-0599e000 rw-p 00134000 08:06 986        /lib/i686/cmov/libcrypto.so.0.9.8
0599e000-059a2000 rw-p 00000000 00:00 0 
05a2a000-05a99000 r-xp 00000000 08:06 7745       /usr/lib/libQtDBus.so.4.5.2
05a99000-05a9a000 ---p 0006f000 08:06 7745       /usr/lib/libQtDBus.so.4.5.2
05a9a000-05a9b000 r--p 0006f000 08:06 7745       /usr/lib/libQtDBus.so.4.5.2
05a9b000-05a9c000 rw-p 00070000 08:06 7745       /usr/lib/libQtDBus.so.4.5.2
05b8e000-05b93000 r-xp 00000000 08:06 264932     /usr/lib/openoffice/basis3.1/program/libspl_unxli.so
05b93000-05b94000 r--p 00004000 08:06 264932     /usr/lib/openoffice/basis3.1/program/libspl_unxli.so
05b94000-05b95000 rw-p 00005000 08:06 264932     /usr/lib/openoffice/basis3.1/program/libspl_unxli.so
05bd6000-05bd8000 r-xp 00000000 08:06 4009       /usr/lib/libXau.so.6.0.0
05bd8000-05bd9000 r--p 00001000 08:06 4009       /usr/lib/libXau.so.6.0.0
05bd9000-05bda000 rw-p 00002000 08:06 4009       /usr/lib/libXau.so.6.0.0
05d2a000-05d37000 r-xp 00000000 08:06 265148     /usr/lib/openoffice/basis3.1/program/libswdli.so
05d37000-05d38000 ---p 0000d000 08:06 265148     /usr/lib/openoffice/basis3.1/program/libswdli.so
05d38000-05d39000 r--p 0000d000 08:06 265148     /usr/lib/openoffice/basis3.1/program/libswdli.so
05d39000-05d3a000 rw-p 0000e000 08:06 265148     /usr/lib/openoffice/basis3.1/program/libswdli.so
05dc4000-05e0c000 r-xp 00000000 08:06 275292     /usr/lib/openoffice/basis3.1/program/libfilterconfig1.so
05e0c000-05e0d000 ---p 00048000 08:06 275292     /usr/lib/openoffice/basis3.1/program/libfilterconfig1.so
05e0d000-05e0f000 r--p 00048000 08:06 275292     /usr/lib/openoffice/basis3.1/program/libfilterconfig1.so
05e0f000-05e10000 rw-p 0004a000 08:06 275292     /usr/lib/openoffice/basis3.1/program/libfilterconfig1.so
05e10000-06026000 r-xp 00000000 08:06 265149     /usr/lib/openoffice/basis3.1/program/libswuili.so
06026000-06037000 r--p 00216000 08:06 265149     /usr/lib/openoffice/basis3.1/program/libswuili.so
06037000-0603a000 rw-p 00227000 08:06 265149     /usr/lib/openoffice/basis3.1/program/libswuili.so
06071000-060b3000 r-xp 00000000 08:06 2743       /usr/lib/libcups.so.2
060b3000-060b6000 r--p 00041000 08:06 2743       /usr/lib/libcups.so.2
060b6000-060b7000 rw-p 00044000 08:06 2743       /usr/lib/libcups.so.2
0616e000-061c4000 r-xp 00000000 08:06 275329     /usr/lib/openoffice/basis3.1/program/libucpfile1.so
061c4000-061c5000 ---p 00056000 08:06 275329     /usr/lib/openoffice/basis3.1/program/libucpfile1.so
061c5000-061c7000 r--p 00056000 08:06 275329     /usr/lib/openoffice/basis3.1/program/libucpfile1.so
061c7000-061c8000 rw-p 00058000 08:06 275329     /usr/lib/openoffice/basis3.1/program/libucpfile1.so
061ce000-061f0000 r-xp 00000000 08:06 12898      /usr/lib/liblzma.so.0.0.0
061f0000-061f1000 r--p 00021000 08:06 12898      /usr/lib/liblzma.so.0.0.0
061f1000-061f2000 rw-p 00022000 08:06 12898      /usr/lib/liblzma.so.0.0.0
06283000-06284000 r-xp 00000000 08:06 265060     /usr/lib/openoffice/basis3.1/program/pyuno.so
06284000-06285000 r--p 00000000 08:06 265060     /usr/lib/openoffice/basis3.1/program/pyuno.so
06285000-06286000 rw-p 00001000 08:06 265060     /usr/lib/openoffice/basis3.1/program/pyuno.so
0628b000-06301000 r-xp 00000000 08:06 4701       /usr/lib/libmng.so.1.1.0.9
06301000-06303000 r--p 00076000 08:06 4701       /usr/lib/libmng.so.1.1.0.9
06303000-06304000 rw-p 00078000 08:06 4701       /usr/lib/libmng.so.1.1.0.9
06333000-06338000 r-xp 00000000 08:06 149566     /usr/lib/ure/lib/libuno_purpenvhelpergcc3.so.3
06338000-06339000 r--p 00004000 08:06 149566     /usr/lib/ure/lib/libuno_purpenvhelpergcc3.so.3
06339000-0633a000 rw-p 00005000 08:06 149566     /usr/lib/ure/lib/libuno_purpenvhelpergcc3.so.3
0636c000-0636d000 r-xs 00000000 08:06 257736     /home/arnaud/.execooo4Iog6c (deleted)
06383000-06385000 r-xp 00000000 08:06 206278     /usr/lib/ure/lib/libunsafe_uno_uno.so
06385000-06386000 r--p 00001000 08:06 206278     /usr/lib/ure/lib/libunsafe_uno_uno.so
06386000-06387000 rw-p 00002000 08:06 206278     /usr/lib/ure/lib/libunsafe_uno_uno.so
06430000-0650d000 r-xp 00000000 08:06 275220     /usr/lib/openoffice/basis3.1/program/libdrawinglayerli.so
0650d000-06512000 r--p 000dc000 08:06 275220     /usr/lib/openoffice/basis3.1/program/libdrawinglayerli.so
06512000-06513000 rw-p 000e1000 08:06 275220     /usr/lib/openoffice/basis3.1/program/libdrawinglayerli.so
065f1000-065fa000 r-xp 00000000 08:06 275321     /usr/lib/openoffice/basis3.1/program/sysmgr1.uno.so
065fa000-065fb000 r--p 00008000 08:06 275321     /usr/lib/openoffice/basis3.1/program/sysmgr1.uno.so
065fb000-065fc000 rw-p 00009000 08:06 275321     /usr/lib/openoffice/basis3.1/program/sysmgr1.uno.so
0667d000-06684000 r-xp 00000000 08:06 5039       /usr/lib/libxcb-render.so.0.0.0
06684000-06685000 r--p 00007000 08:06 5039       /usr/lib/libxcb-render.so.0.0.0
06685000-06686000 rw-p 00008000 08:06 5039       /usr/lib/libxcb-render.so.0.0.0
06756000-0675c000 r-xp 00000000 08:06 892        /lib/libacl.so.1.1.0
0675c000-0675e000 rw-p 00005000 08:06 892        /lib/libacl.so.1.1.0
067f9000-068a0000 r-xp 00000000 08:06 200554     /usr/lib/ure/lib/bootstrap.uno.so
068a0000-068a6000 r--p 000a6000 08:06 200554     /usr/lib/ure/lib/bootstrap.uno.so
068a6000-068a7000 rw-p 000ac000 08:06 200554     /usr/lib/ure/lib/bootstrap.uno.so
068a7000-068a8000 rw-p 00000000 00:00 0 
06927000-0692e000 r-xp 00000000 08:06 7966       /usr/lib/jvm/java-6-openjdk/jre/lib/i386/libzip.so
0692e000-0692f000 r--p 00006000 08:06 7966       /usr/lib/jvm/java-6-openjdk/jre/lib/i386/libzip.so
0692f000-06930000 rw-p 00007000 08:06 7966       /usr/lib/jvm/java-6-openjdk/jre/lib/i386/libzip.so
069e0000-06a09000 r-xp 00000000 08:06 275317     /usr/lib/openoffice/basis3.1/program/libscriptframe.so
06a09000-06a0b000 r--p 00028000 08:06 275317     /usr/lib/openoffice/basis3.1/program/libscriptframe.so
06a0b000-06a0c000 rw-p 0002a000 08:06 275317     /usr/lib/openoffice/basis3.1/program/libscriptframe.so
06aec000-06b62000 r-xp 00000000 08:06 4234       /usr/lib/libdirectfb-1.2.so.0.7.0
06b62000-06b63000 ---p 00076000 08:06 4234       /usr/lib/libdirectfb-1.2.so.0.7.0
06b63000-06b64000 r--p 00076000 08:06 4234       /usr/lib/libdirectfb-1.2.so.0.7.0
06b64000-06b65000 rw-p 00077000 08:06 4234       /usr/lib/libdirectfb-1.2.so.0.7.0
06b65000-06b66000 rw-p 00000000 00:00 0 
06bfd000-06c25000 r-xp 00000000 08:06 2114       /usr/lib/libgssapi_krb5.so.2.2
06c25000-06c26000 r--p 00027000 08:06 2114       /usr/lib/libgssapi_krb5.so.2.2
06c26000-06c27000 rw-p 00028000 08:06 2114       /usr/lib/libgssapi_krb5.so.2.2
06c58000-06c5e000 r-xp 00000000 08:06 7735       /usr/lib/qt4/plugins/imageformats/libqico.so
06c5e000-06c5f000 r--p 00005000 08:06 7735       /usr/lib/qt4/plugins/imageformats/libqico.so
06c5f000-06c60000 rw-p 00006000 08:06 7735       /usr/lib/qt4/plugins/imageformats/libqico.so
06cf4000-06d00000 r-xp 00000000 08:06 7965       /usr/lib/jvm/java-6-openjdk/jre/lib/i386/libverify.so
06d00000-06d01000 r--p 0000b000 08:06 7965       /usr/lib/jvm/java-6-openjdk/jre/lib/i386/libverify.so
06d01000-06d02000 rw-p 0000c000 08:06 7965       /usr/lib/jvm/java-6-openjdk/jre/lib/i386/libverify.so
06de5000-06dfd000 r-xp 00000000 08:06 4894       /usr/lib/libsasl2.so.2.0.23
06dfd000-06dfe000 r--p 00017000 08:06 4894       /usr/lib/libsasl2.so.2.0.23
06dfe000-06dff000 rw-p 00018000 08:06 4894       /usr/lib/libsasl2.so.2.0.23
06e43000-06e75000 r-xp 00000000 08:06 13375      /usr/lib/kde4/plugins/styles/oxygen.so
06e75000-06e76000 r--p 00031000 08:06 13375      /usr/lib/kde4/plugins/styles/oxygen.so
06e76000-06e77000 rw-p 00032000 08:06 13375      /usr/lib/kde4/plugins/styles/oxygen.so
06e79000-06e93000 r-xp 00000000 08:06 275316     /usr/lib/openoffice/basis3.1/program/sax.uno.so
06e93000-06e94000 r--p 0001a000 08:06 275316     /usr/lib/openoffice/basis3.1/program/sax.uno.so
06e94000-06e95000 rw-p 0001b000 08:06 275316     /usr/lib/openoffice/basis3.1/program/sax.uno.so
06e9d000-06ef7000 r-xp 00000000 08:06 275312     /usr/lib/openoffice/basis3.1/program/libpackage2.so
06ef7000-06efa000 r--p 0005a000 08:06 275312     /usr/lib/openoffice/basis3.1/program/libpackage2.so
06efa000-06efb000 rw-p 0005d000 08:06 275312     /usr/lib/openoffice/basis3.1/program/libpackage2.so
06f93000-06fbd000 r-xp 00000000 08:06 275332     /usr/lib/openoffice/basis3.1/program/libucppkg1.so
06fbd000-06fbe000 ---p 0002a000 08:06 275332     /usr/lib/openoffice/basis3.1/program/libucppkg1.so
06fbe000-06fbf000 r--p 0002a000 08:06 275332     /usr/lib/openoffice/basis3.1/program/libucppkg1.so
06fbf000-06fc0000 rw-p 0002b000 08:06 275332     /usr/lib/openoffice/basis3.1/program/libucppkg1.so
06fc0000-071af000 r-xp 00000000 08:06 305        /usr/lib/libpython2.6.so.1.0
071af000-071b0000 r--p 001ee000 08:06 305        /usr/lib/libpython2.6.so.1.0
071b0000-071fe000 rw-p 001ef000 08:06 305        /usr/lib/libpython2.6.so.1.0
071fe000-07208000 rw-p 00000000 00:00 0 
07224000-075a5000 r-xp 00000000 08:06 275263     /usr/lib/openoffice/basis3.1/program/libvclli.so
075a5000-075b6000 r--p 00380000 08:06 275263     /usr/lib/openoffice/basis3.1/program/libvclli.so
075b6000-075ba000 rw-p 00391000 08:06 275263     /usr/lib/openoffice/basis3.1/program/libvclli.so
075ba000-075bb000 rw-p 00000000 00:00 0 
0779b000-0779f000 r-xp 00000000 08:06 264911     /usr/lib/openoffice/basis3.1/program/desktopbe1.uno.so
0779f000-077a0000 r--p 00003000 08:06 264911     /usr/lib/openoffice/basis3.1/program/desktopbe1.uno.so
077a0000-077a1000 rw-p 00004000 08:06 264911     /usr/lib/openoffice/basis3.1/program/desktopbe1.uno.so
079d3000-07afd000 r-xp 00000000 08:06 4003       /usr/lib/libX11.so.6.2.0
07afd000-07afe000 ---p 0012a000 08:06 4003       /usr/lib/libX11.so.6.2.0
07afe000-07aff000 r--p 0012a000 08:06 4003       /usr/lib/libX11.so.6.2.0
07aff000-07b01000 rw-p 0012b000 08:06 4003       /usr/lib/libX11.so.6.2.0
07b01000-07b02000 rw-p 00000000 00:00 0 
07bc8000-07c01000 r-xp 00000000 08:06 12985      /usr/lib/libstreams.so.0.7.0
07c01000-07c02000 r--p 00038000 08:06 12985      /usr/lib/libstreams.so.0.7.0
07c02000-07c03000 rw-p 00039000 08:06 12985      /usr/lib/libstreams.so.0.7.0
07c11000-07c13000 r-xp 00000000 08:06 950        /lib/libkeyutils-1.2.so
07c13000-07c14000 r--p 00001000 08:06 950        /lib/libkeyutils-1.2.so
07c14000-07c15000 rw-p 00002000 08:06 950        /lib/libkeyutils-1.2.so
07c3f000-07cf4000 r-xp 00000000 08:06 1767       /lib/libglib-2.0.so.0.2200.3
07cf4000-07cf5000 r--p 000b4000 08:06 1767       /lib/libglib-2.0.so.0.2200.3
07cf5000-07cf6000 rw-p 000b5000 08:06 1767       /lib/libglib-2.0.so.0.2200.3
07d28000-07d51000 r-xp 00000000 08:06 275202     /usr/lib/openoffice/basis3.1/program/libavmediali.so
07d51000-07d53000 r--p 00028000 08:06 275202     /usr/lib/openoffice/basis3.1/program/libavmediali.so
07d53000-07d54000 rw-p 0002a000 08:06 275202     /usr/lib/openoffice/basis3.1/program/libavmediali.so
07d54000-07f9f000 r-xp 00000000 08:06 275223     /usr/lib/openoffice/basis3.1/program/libfrmli.so
07f9f000-07fbc000 r--p 0024a000 08:06 275223     /usr/lib/openoffice/basis3.1/program/libfrmli.so
07fbc000-07fbf000 rw-p 00267000 08:06 275223     /usr/lib/openoffice/basis3.1/program/libfrmli.so
07fbf000-07fc1000 rw-p 00000000 00:00 0 
08048000-0804a000 r-xp 00000000 08:06 275347     /usr/lib/openoffice/program/soffice.bin
0804a000-0804b000 r--p 00001000 08:06 275347     /usr/lib/openoffice/program/soffice.bin
0804b000-0804c000 rw-p 00002000 08:06 275347     /usr/lib/openoffice/program/soffice.bin
08099000-080eb000 r-xp 00000000 08:06 275327     /usr/lib/openoffice/basis3.1/program/libucpchelp1.so
080eb000-080ec000 ---p 00052000 08:06 275327     /usr/lib/openoffice/basis3.1/program/libucpchelp1.so
080ec000-080ee000 r--p 00052000 08:06 275327     /usr/lib/openoffice/basis3.1/program/libucpchelp1.so
080ee000-080ef000 rw-p 00054000 08:06 275327     /usr/lib/openoffice/basis3.1/program/libucpchelp1.so
080f6000-08109000 r-xp 00000000 08:06 264916     /usr/lib/openoffice/basis3.1/program/libexlinkli.so
08109000-0810a000 r--p 00013000 08:06 264916     /usr/lib/openoffice/basis3.1/program/libexlinkli.so
0810a000-0810b000 rw-p 00014000 08:06 264916     /usr/lib/openoffice/basis3.1/program/libexlinkli.so
0820b000-0820f000 r-xp 00000000 08:06 9336       /usr/lib/libgthread-2.0.so.0.2200.3
0820f000-08210000 r--p 00003000 08:06 9336       /usr/lib/libgthread-2.0.so.0.2200.3
08210000-08211000 rw-p 00004000 08:06 9336       /usr/lib/libgthread-2.0.so.0.2200.3
08264000-0826c000 r-xp 00000000 08:06 6701       /usr/lib/kde4/plugins/imageformats/kimg_pcx.so
0826c000-0826d000 r--p 00007000 08:06 6701       /usr/lib/kde4/plugins/imageformats/kimg_pcx.so
0826d000-0826e000 rw-p 00008000 08:06 6701       /usr/lib/kde4/plugins/imageformats/kimg_pcx.so
08307000-08309000 r-xp 00000000 08:06 251220     /usr/lib/gconv/UTF-16.so
08309000-0830a000 r--p 00001000 08:06 251220     /usr/lib/gconv/UTF-16.so
0830a000-0830b000 rw-p 00002000 08:06 251220     /usr/lib/gconv/UTF-16.so
0837c000-0837d000 r-xs 00000000 08:06 257734     /home/arnaud/.execoooqgBA6e (deleted)
08389000-083c0000 r-xp 00000000 08:06 1430       /lib/libdbus-1.so.3.4.0
083c0000-083c1000 r--p 00036000 08:06 1430       /lib/libdbus-1.so.3.4.0
083c1000-083c2000 rw-p 00037000 08:06 1430       /lib/libdbus-1.so.3.4.0
08412000-08536000 r-xp 00000000 08:06 3873       /usr/lib/libxml2.so.2.7.5
08536000-0853a000 r--p 00123000 08:06 3873       /usr/lib/libxml2.so.2.7.5
0853a000-0853b000 rw-p 00127000 08:06 3873       /usr/lib/libxml2.so.2.7.5
0853b000-0853c000 rw-p 00000000 00:00 0 
085b7000-08730000 r-xp 00000000 08:06 275244     /usr/lib/openoffice/basis3.1/program/libsbli.so
08730000-0873d000 r--p 00178000 08:06 275244     /usr/lib/openoffice/basis3.1/program/libsbli.so
0873d000-08742000 rw-p 00185000 08:06 275244     /usr/lib/openoffice/basis3.1/program/libsbli.so
08742000-08743000 rw-p 00000000 00:00 0 
087cc000-08808000 r-xp 00000000 08:06 1768       /usr/lib/libgobject-2.0.so.0.2200.3
08808000-08809000 r--p 0003b000 08:06 1768       /usr/lib/libgobject-2.0.so.0.2200.3
08809000-0880a000 rw-p 0003c000 08:06 1768       /usr/lib/libgobject-2.0.so.0.2200.3
08831000-08837000 r-xp 00000000 08:06 2018       /usr/lib/libkrb5support.so.0.1
08837000-08838000 r--p 00005000 08:06 2018       /usr/lib/libkrb5support.so.0.1
08838000-08839000 rw-p 00006000 08:06 2018       /usr/lib/libkrb5support.so.0.1
08865000-08876000 r-xp 00000000 08:06 275291     /usr/lib/openoffice/basis3.1/program/libfileacc.so
08876000-08877000 r--p 00010000 08:06 275291     /usr/lib/openoffice/basis3.1/program/libfileacc.so
08877000-08878000 rw-p 00011000 08:06 275291     /usr/lib/openoffice/basis3.1/program/libfileacc.so
0893c000-08951000 r-xp 00000000 08:06 275129     /usr/lib/openoffice/basis3.1/program/vbaeventsli.uno.so
08951000-08952000 r--p 00014000 08:06 275129     /usr/lib/openoffice/basis3.1/program/vbaeventsli.uno.so
08952000-08953000 rw-p 00015000 08:06 275129     /usr/lib/openoffice/basis3.1/program/vbaeventsli.uno.so
08a90000-08b07000 r-xp 00000000 08:06 2105       /usr/lib/libcairo.so.2.10800.8
08b07000-08b09000 r--p 00076000 08:06 2105       /usr/lib/libcairo.so.2.10800.8
08b09000-08b0a000 rw-p 00078000 08:06 2105       /usr/lib/libcairo.so.2.10800.8
08b62000-08b82000 r-xp 00000000 08:06 275295     /usr/lib/openoffice/basis3.1/program/fsstorage.uno.so
08b82000-08b83000 ---p 00020000 08:06 275295     /usr/lib/openoffice/basis3.1/program/fsstorage.uno.so
08b83000-08b84000 r--p 00020000 08:06 275295     /usr/lib/openoffice/basis3.1/program/fsstorage.uno.so
08b84000-08b85000 rw-p 00021000 08:06 275295     /usr/lib/openoffice/basis3.1/program/fsstorage.uno.so
08b97000-08c36000 r-xp 00000000 08:06 1520       /usr/lib/libkrb5.so.3.3
08c36000-08c37000 ---p 0009f000 08:06 1520       /usr/lib/libkrb5.so.3.3
08c37000-08c3c000 r--p 0009f000 08:06 1520       /usr/lib/libkrb5.so.3.3
08c3c000-08c3d000 rw-p 000a4000 08:06 1520       /usr/lib/libkrb5.so.3.3
08c45000-08c4a000 r-xp 00000000 08:06 7737       /usr/lib/qt4/plugins/imageformats/libqmng.so
08c4a000-08c4b000 r--p 00004000 08:06 7737       /usr/lib/qt4/plugins/imageformats/libqmng.so
08c4b000-08c4c000 rw-p 00005000 08:06 7737       /usr/lib/qt4/plugins/imageformats/libqmng.so
08c8a000-08c8d000 r-xp 00000000 08:06 2312       /usr/lib/qt4/plugins/imageformats/libqsvg.so
08c8d000-08c8e000 r--p 00002000 08:06 2312       /usr/lib/qt4/plugins/imageformats/libqsvg.so
08c8e000-08c8f000 rw-p 00003000 08:06 2312       /usr/lib/qt4/plugins/imageformats/libqsvg.so
08d2a000-08d38000 r-xp 00000000 08:06 200556     /usr/lib/ure/lib/libgcc3_uno.so
08d38000-08d39000 r--p 0000d000 08:06 200556     /usr/lib/ure/lib/libgcc3_uno.so
08d39000-08d3a000 rw-p 0000e000 08:06 200556     /usr/lib/ure/lib/libgcc3_uno.so
08e31000-0a95e000 rw-p 00000000 00:00 0          [heap]
6f900000-6fe50000 rw-p 00000000 00:00 0 
6fe50000-7a3a0000 rw-p 00000000 00:00 0 
7a3a0000-7ae50000 rw-p 00000000 00:00 0 
7ae50000-8f900000 rw-p 00000000 00:00 0 
8f900000-90500000 rw-p 00000000 00:00 0 
90500000-93900000 rw-p 00000000 00:00 0 
93900000-94059000 r--s 00001000 08:06 1122       /usr/lib/jvm/java-6-openjdk/jre/lib/i386/client/classes.jsa
94059000-94300000 rw-p 00000000 00:00 0 
94300000-94a41000 rw-p 0075a000 08:06 1122       /usr/lib/jvm/java-6-openjdk/jre/lib/i386/client/classes.jsa
94a41000-94f00000 rw-p 00000000 00:00 0 
94f00000-94ffb000 rw-p 00e9b000 08:06 1122       /usr/lib/jvm/java-6-openjdk/jre/lib/i386/client/classes.jsa
94ffb000-95300000 rw-p 00000000 00:00 0 
95300000-95308000 r-xs 00f96000 08:06 1122       /usr/lib/jvm/java-6-openjdk/jre/lib/i386/client/classes.jsa
95308000-95700000 rw-p 00000000 00:00 0 
ab8d4000-ab954000 r--s 00000000 08:06 247010     /usr/share/fonts/truetype/ttf-dejavu/DejaVuSans-BoldOblique.ttf
ab954000-ab955000 ---p 00000000 00:00 0 
ab955000-ac155000 rw-p 00000000 00:00 0 
ac155000-ac156000 rw-s 00000000 08:06 257740     /home/arnaud/.execooofYwg69 (deleted)
ac156000-ac157000 rw-s 00000000 08:06 257739     /home/arnaud/.execoooaI9UNa (deleted)
ac157000-ac158000 rw-s 00000000 08:06 257738     /home/arnaud/.execoooVKQEvb (deleted)
ac158000-ac159000 rw-s 00000000 08:06 257737     /home/arnaud/.execooowyUydc (deleted)
ac159000-ac15a000 rw-s 00000000 08:06 257736     /home/arnaud/.execooo4Iog6c (deleted)
ac15a000-ac15b000 rw-s 00000000 08:06 257735     /home/arnaud/.execoookAR1Yd (deleted)
ac15b000-ac15c000 rw-s 00000000 08:06 257734     /home/arnaud/.execoooqgBA6e (deleted)
ac15c000-ac15d000 rw-s 00000000 08:06 257730     /home/arnaud/.execooobiLceg (deleted)
ac15d000-ac15e000 rw-s 00000000 08:06 257729     /home/arnaud/.execooocj73lh (deleted)
ac15e000-ac169000 r--s 00034000 08:06 206288     /usr/share/java/openoffice/ridl.jar
ac169000-ac16c000 r--s 00018000 08:06 206287     /usr/share/java/openoffice/jurt.jar
ac16c000-ac16e000 r--s 00000000 08:06 206285     /usr/share/java/openoffice/java_uno.jar
ac16e000-ac16f000 ---p 00000000 00:00 0 
ac16f000-ac1ef000 rw-p 00000000 00:00 0 
ac1ef000-ac1f2000 ---p 00000000 00:00 0 
ac1f2000-ac240000 rw-p 00000000 00:00 0 
ac240000-ac243000 ---p 00000000 00:00 0 
ac243000-ac2c1000 rw-p 00000000 00:00 0 
ac2c1000-ac2c4000 ---p 00000000 00:00 0 
ac2c4000-ac312000 rw-p 00000000 00:00 0 
ac312000-ac315000 ---p 00000000 00:00 0 
ac315000-ac363000 rw-p 00000000 00:00 0 
ac363000-ac366000 ---p 00000000 00:00 0 
ac366000-ac3b4000 rw-p 00000000 00:00 0 
ac3b4000-ac3b5000 ---p 00000000 00:00 0 
ac3b5000-ac435000 rw-p 00000000 00:00 0 
ac435000-ac5c4000 r--s 038c2000 08:06 7448       /usr/lib/jvm/java-6-openjdk/jre/lib/rt.jar
ac5c4000-ac5ca000 rw-p 00000000 00:00 0 
ac5ca000-ac66f000 rw-p 00000000 00:00 0 
ac66f000-ac672000 rw-p 00000000 00:00 0 
ac672000-ac6c4000 rw-p 00000000 00:00 0 
ac6c4000-ac6ca000 rw-p 00000000 00:00 0 
ac6ca000-ac76f000 rw-p 00000000 00:00 0 
ac76f000-ac775000 rw-p 00000000 00:00 0 
ac775000-ac78f000 rw-p 00000000 00:00 0 
ac78f000-ac79e000 rw-p 00000000 00:00 0 
ac79e000-ac81b000 rw-p 00000000 00:00 0 
ac81b000-ac8a3000 rwxp 00000000 00:00 0 
ac8a3000-ae81b000 rw-p 00000000 00:00 0 
ae81b000-aec69000 r-xp 00000000 08:06 7449       /usr/lib/jvm/java-6-openjdk/jre/lib/i386/client/libjvm.so
aec69000-aec6a000 ---p 0044e000 08:06 7449       /usr/lib/jvm/java-6-openjdk/jre/lib/i386/client/libjvm.so
aec6a000-aec81000 r--p 0044e000 08:06 7449       /usr/lib/jvm/java-6-openjdk/jre/lib/i386/client/libjvm.so
aec81000-aec8e000 rw-p 00465000 08:06 7449       /usr/lib/jvm/java-6-openjdk/jre/lib/i386/client/libjvm.so
aec8e000-af0aa000 rw-p 00000000 00:00 0 
af0aa000-af0fb000 r--s 00000000 08:06 247016     /usr/share/fonts/truetype/ttf-dejavu/DejaVuSans-ExtraLight.ttf
af405000-af415000 rw-p 00000000 00:00 0 
af6ad000-af6b0000 ---p 00000000 00:00 0 
af6b0000-af6fe000 rw-p 00000000 00:00 0 
af6fe000-af8c2000 r--s 00000000 08:06 920710     /var/tmp/kdecache-arnaud/ksycoca4
af8c2000-af9d2000 r--p 00000000 08:06 393742     /usr/lib/openoffice/basis3.1/help/en/swriter.ht
af9d2000-afb00000 r--p 00000000 08:06 393741     /usr/lib/openoffice/basis3.1/help/en/swriter.db
afb00000-afb26000 rw-p 00000000 00:00 0 
afb26000-afc00000 ---p 00000000 00:00 0 
afc00000-afc01000 r--s 00000000 08:06 206289     /usr/share/java/openoffice/unoloader.jar
afc01000-afc04000 r--s 0000f000 08:06 7136       /usr/lib/jvm/java-6-openjdk/jre/lib/ext/pulse-java.jar
afc04000-afc0d000 r--s 00065000 08:06 241495     /usr/share/java/gnome-java-bridge.jar
afc0d000-afc0f000 r--s 0001d000 08:06 7434       /usr/lib/jvm/java-6-openjdk/jre/lib/plugin.jar
afc0f000-afc1d000 rw-p 00000000 00:00 0 
afc1d000-afc37000 rw-p 00000000 00:00 0 
afc37000-afcc3000 r--p 00000000 08:06 154292     /usr/share/fonts/truetype/ttf-dejavu/DejaVuSans-Bold.ttf
afcc3000-afcdd000 r--s 00000000 08:06 154257     /usr/share/fonts/truetype/thai/Norasi.ttf
afcdd000-afced000 rw-p 00000000 00:00 0 
afced000-afd3f000 r--s 00000000 08:06 5887       /usr/share/fonts/truetype/msttcorefonts/Times_New_Roman_Bold.ttf
afd3f000-afd49000 r--s 00000000 08:06 154441     /usr/share/fonts/type1/mathml/Symbol.pfb
afd49000-afd65000 r--s 00000000 08:06 197752     /usr/share/fonts/truetype/openoffice/opens___.ttf
afd65000-afdab000 r--s 00000000 08:06 5877       /usr/share/fonts/truetype/msttcorefonts/Arial_Bold.ttf
afdab000-afdef000 r--s 00000000 08:06 5879       /usr/share/fonts/truetype/msttcorefonts/Arial.ttf
afdef000-afe0f000 rw-p 00000000 00:00 0 
afe0f000-afe10000 r--s 00000000 08:06 174780     /var/spool/openoffice/uno_packages/cache/registry/com.sun.star.comp.deployment.component.PackageRegistryBackend/Linux_x86.rdb
afe10000-afe12000 r--s 00000000 08:06 174771     /var/spool/openoffice/uno_packages/cache/registry/com.sun.star.comp.deployment.component.PackageRegistryBackend/common.rdb
afe12000-afe13000 rw-s 00000000 08:06 257728     /home/arnaud/.execooowQJZZk (deleted)
afe13000-afe14000 rw-s 00000000 08:06 257727     /home/arnaud/.execoooHWJqj6 (deleted)
afe14000-afe15000 rw-s 00000000 08:06 257726     /home/arnaud/.execooo4FjYCR (deleted)
afe15000-afe16000 rw-s 00000000 08:06 257725     /home/arnaud/.execooo00gHWC (deleted)
afe16000-afe17000 ---p 00000000 00:00 0 
afe17000-b0617000 rw-p 00000000 00:00 0 
b0617000-b0668000 r--s 00000000 08:06 5858       /usr/share/fonts/truetype/msttcorefonts/Times_New_Roman.ttf
b0668000-b10cc000 r-xp 00000000 08:06 265172     /usr/lib/openoffice/basis3.1/program/libswli.so
b10cc000-b10cd000 ---p 00a64000 08:06 265172     /usr/lib/openoffice/basis3.1/program/libswli.so
b10cd000-b1104000 r--p 00a64000 08:06 265172     /usr/lib/openoffice/basis3.1/program/libswli.so
b1104000-b1136000 rw-p 00a9b000 08:06 265172     /usr/lib/openoffice/basis3.1/program/libswli.so
b1136000-b1138000 rw-p 00000000 00:00 0 
b1138000-b1139000 ---p 00000000 00:00 0 
b1139000-b1939000 rw-p 00000000 00:00 0 
b1939000-b19c5000 r--s 00000000 08:06 154292     /usr/share/fonts/truetype/ttf-dejavu/DejaVuSans-Bold.ttf
b19c5000-b19c6000 ---p 00000000 00:00 0 
b19c6000-b21c6000 rw-p 00000000 00:00 0 
b21c6000-b21c7000 ---p 00000000 00:00 0 
b21c7000-b29c7000 rw-p 00000000 00:00 0 
b29c7000-b2e0e000 r-xp 00000000 08:06 275270     /usr/lib/openoffice/basis3.1/program/libxoli.so
b2e0e000-b2e1f000 r--p 00446000 08:06 275270     /usr/lib/openoffice/basis3.1/program/libxoli.so
b2e1f000-b2e37000 rw-p 00457000 08:06 275270     /usr/lib/openoffice/basis3.1/program/libxoli.so
b2e37000-b2e38000 rw-p 00000000 00:00 0 
b2e38000-b36b2000 r-xp 00000000 08:06 264967     /usr/lib/openoffice/basis3.1/program/libsvxcoreli.so
b36b2000-b36ef000 r--p 00879000 08:06 264967     /usr/lib/openoffice/basis3.1/program/libsvxcoreli.so
b36ef000-b3707000 rw-p 008b6000 08:06 264967     /usr/lib/openoffice/basis3.1/program/libsvxcoreli.so
b3707000-b3709000 rw-p 00000000 00:00 0 
b3709000-b3ace000 r-xp 00000000 08:06 275255     /usr/lib/openoffice/basis3.1/program/libsvxli.so
b3ace000-b3acf000 ---p 003c5000 08:06 275255     /usr/lib/openoffice/basis3.1/program/libsvxli.so
b3acf000-b3aee000 r--p 003c5000 08:06 275255     /usr/lib/openoffice/basis3.1/program/libsvxli.so
b3aee000-b3af2000 rw-p 003e4000 08:06 275255     /usr/lib/openoffice/basis3.1/program/libsvxli.so
b3af2000-b3af3000 rw-p 00000000 00:00 0 
b3af3000-b3b8b000 r--s 00000000 08:06 154293     /usr/share/fonts/truetype/ttf-dejavu/DejaVuSans.ttf
b3b8b000-b3c23000 r--p 00000000 08:06 154293     /usr/share/fonts/truetype/ttf-dejavu/DejaVuSans.ttf
b3c23000-b3c24000 rw-s 00000000 08:06 257724     /home/arnaud/.execoooqq2ugo (deleted)
b3c24000-b3c25000 rw-s 00000000 08:06 257038     /home/arnaud/.execooo8fWdaj (deleted)
b3c25000-b3c26000 ---p 00000000 00:00 0 
b3c26000-b4426000 rw-p 00000000 00:00 0 
b4426000-b4427000 ---p 00000000 00:00 0 
b4427000-b4c27000 rw-p 00000000 00:00 0 
b4c27000-b4e8f000 r--s 00000000 08:06 200895     /var/lib/openoffice/basis3.1/program/services.rdb
b4e8f000-b4fbf000 r--s 00000000 08:06 265186     /usr/lib/openoffice/basis3.1/program/oovbaapi.rdb
b4fbf000-b533f000 r--s 00000000 08:06 275179     /usr/lib/openoffice/basis3.1/program/offapi.rdb
b533f000-b53a7000 r--s 00000000 08:06 206282     /usr/lib/ure/share/misc/types.rdb
b53a7000-b53e1000 rw-p 00000000 00:00 0 
b53e1000-b53e6000 r--s 00044000 08:06 7433       /usr/lib/jvm/java-6-openjdk/jre/lib/netx.jar
b53e6000-b53ec000 rw-p 00000000 00:00 0 
b53ec000-b53f4000 rw-s 00000000 08:06 1062249    /tmp/hsperfdata_arnaud/2896 (deleted)
b53f4000-b53f5000 rw-p 00000000 00:00 0 
b53f5000-b53f6000 ---p 00000000 00:00 0 
b53f6000-b5406000 rw-p 00000000 00:00 0 
b5406000-b5407000 rw-s 00000000 08:06 257723     /home/arnaud/.execoooZlQHJf (deleted)
b5407000-b5408000 rw-s 00000000 08:06 257722     /home/arnaud/.execoooxxKLt7 (deleted)
b5408000-b5409000 rw-s 00000000 08:06 257721     /home/arnaud/.execoooe1UUdZ (deleted)
b5409000-b540a000 r--s 00000000 08:06 174780     /var/spool/openoffice/uno_packages/cache/registry/com.sun.star.comp.deployment.component.PackageRegistryBackend/Linux_x86.rdb
b540a000-b540c000 r--s 00000000 08:06 174771     /var/spool/openoffice/uno_packages/cache/registry/com.sun.star.comp.deployment.component.PackageRegistryBackend/common.rdb
b540c000-b542c000 r--s 00000000 08:06 206283     /usr/lib/ure/share/misc/services.rdb
b542c000-b545c000 rw-p 00000000 00:00 0 
b545c000-b63d9000 rw-s 00000000 08:06 942279     /var/tmp/kdecache-arnaud/kpc/kde-icon-cache.data
b63d9000-b67f2000 rw-s 00000000 08:06 942261     /var/tmp/kdecache-arnaud/kpc/kde-icon-cache.index
b67f2000-b6813000 r--p 00000000 08:06 142939     /usr/share/locale-langpack/fr/LC_MESSAGES/libc.mo
b6813000-b6814000 r--s 00000000 08:06 232082     /var/cache/fontconfig/c05880de57d1f5e948fdfacc138775d9-x86.cache-2
b6814000-b681a000 r--s 00000000 08:06 232079     /var/cache/fontconfig/945677eb7aeaf62f1d50efc3fb3ec7d8-x86.cache-2
b681a000-b681c000 r--s 00000000 08:06 232080     /var/cache/fontconfig/99e8ed0e538f840c565b6ed5dad60d56-x86.cache-2
b681c000-b681e000 r--s 00000000 08:06 232090     /var/cache/fontconfig/f24b2111ab8703b4e963115a8cf14259-x86.cache-2
b681e000-b6821000 r--s 00000000 08:06 232088     /var/cache/fontconfig/e383d7ea5fbe662a33d9b44caf393297-x86.cache-2
b6821000-b6824000 r--s 00000000 08:06 240192     /var/cache/fontconfig/6eb3985aa4124903f6ff08ba781cd364-x86.cache-2
b6824000-b6825000 r--s 00000000 08:06 232074     /var/cache/fontconfig/4c73fe0c47614734b17d736dbde7580a-x86.cache-2
b6825000-b6829000 r--s 00000000 08:06 232067     /var/cache/fontconfig/062808c12e6e608270f93bb230aed730-x86.cache-2
b6829000-b682c000 r--s 00000000 08:06 232081     /var/cache/fontconfig/a755afe4a08bf5b97852ceb7400b47bc-x86.cache-2
b682c000-b6833000 r--s 00000000 08:06 246939     /var/cache/fontconfig/6d41288fd70b0be22e8c3a91e032eec0-x86.cache-2
b6833000-b683e000 r--s 00000000 08:06 232068     /var/cache/fontconfig/0f34bcd4b6ee430af32735b75db7f02b-x86.cache-2
b683e000-b683f000 r--s 00000000 08:06 197366     /var/cache/fontconfig/4794a0821666d79190d59a36cb4f44b5-x86.cache-2
b683f000-b6861000 r--s 00000000 08:06 240292     /var/cache/fontconfig/365b55f210c0a22e9a19e35191240f32-x86.cache-2
b6861000-b6863000 r--s 00000000 08:06 232070     /var/cache/fontconfig/2c5ba8142dffc8bf0377700342b8ca1a-x86.cache-2
b6863000-b686b000 r--s 00000000 08:06 232085     /var/cache/fontconfig/d52a8644073d54c13679302ca1180695-x86.cache-2
b686b000-b6958000 r--p 00000000 08:06 264784     /usr/lib/locale/fr_FR.utf8/LC_COLLATE
b6958000-b6966000 r--s 00000000 08:06 240603     /var/cache/fontconfig/e13b20fdb08344e0e664864cc2ede53d-x86.cache-2
b6966000-b6974000 r--s 00000000 08:06 256455     /var/cache/fontconfig/865f88548240fee46819705c6468c165-x86.cache-2
b6974000-b69b3000 r--p 00000000 08:06 264785     /usr/lib/locale/fr_FR.utf8/LC_CTYPE
b69b3000-b69bf000 rw-p 00000000 00:00 0 
b69bf000-b7704000 r--p 00000000 08:06 4605       /usr/lib/libicudata.so.40.1
b7704000-b7705000 r--p 00d44000 08:06 4605       /usr/lib/libicudata.so.40.1
b7705000-b770e000 rw-p 00000000 00:00 0 
b770e000-b770f000 rw-s 00000000 08:06 257720     /home/arnaud/.execoooICdMYQ (deleted)
b770f000-b7710000 rw-s 00000000 08:06 257719     /home/arnaud/.execooo5LmIJI (deleted)
b7710000-b7711000 rw-s 00000000 08:06 256981     /home/arnaud/.execoooBVnHuA (deleted)
b7711000-b7717000 r--s 00000000 08:06 254711     /var/cache/fontconfig/089dead882dea3570ffc31a9898cfb69-x86.cache-2
b7717000-b7719000 r--s 00000000 08:06 133833     /var/cache/fontconfig/7ef2298fde41cc6eeb7af42e48b7d293-x86.cache-2
b7719000-b771a000 r--p 00000000 08:06 264400     /usr/lib/locale/fr_FR.utf8/LC_NUMERIC
b771a000-b771b000 r--p 00000000 08:06 264401     /usr/lib/locale/fr_FR.utf8/LC_TIME
b771b000-b771c000 r--p 00000000 08:06 264402     /usr/lib/locale/fr_FR.utf8/LC_MONETARY
b771c000-b771d000 r--p 00000000 08:06 264794     /usr/lib/locale/fr_FR.utf8/LC_MESSAGES/SYS_LC_MESSAGES
b771d000-b771e000 r--p 00000000 08:06 264791     /usr/lib/locale/fr_FR.utf8/LC_PAPER
b771e000-b771f000 r--p 00000000 08:06 264789     /usr/lib/locale/fr_FR.utf8/LC_NAME
b771f000-b7720000 r--p 00000000 08:06 264403     /usr/lib/locale/fr_FR.utf8/LC_ADDRESS
b7720000-b7721000 r--p 00000000 08:06 264404     /usr/lib/locale/fr_FR.utf8/LC_TELEPHONE
b7721000-b7722000 r--p 00000000 08:06 264787     /usr/lib/locale/fr_FR.utf8/LC_MEASUREMENT
b7722000-b7723000 r--p 00000000 08:06 264406     /usr/lib/locale/fr_FR.utf8/LC_IDENTIFICATION
b7723000-b772a000 r--s 00000000 08:06 194233     /usr/lib/gconv/gconv-modules.cache
b772a000-b772d000 rw-p 00000000 00:00 0 
bff82000-bffce000 rw-p 00000000 00:00 0          [stack]

VM Arguments:
jvm_args: abort -Dorg.openoffice.native= -Duser.language=en -Duser.country=US -Dappletviewer.security.mode=host -Dstardiv.security.disableSecurity=false 
java_command: <unknown>
Launcher Type: generic

Environment Variables:
JAVA_HOME=/usr/lib/jvm/java-6-openjdk/jre
PATH=/usr/lib/openoffice/program:/usr/local/sbin:/usr/local/bin:/usr/sbin:/usr/bin:/sbin:/bin:/usr/games
LD_LIBRARY_PATH=/usr/lib/jvm/java-6-openjdk/jre/lib/i386/client:/usr/lib/jvm/java-6-openjdk/jre/lib/i386/native_threads:/usr/lib/jvm/java-6-openjdk/jre/lib/i386
SHELL=/bin/bash
DISPLAY=:0.0

Signal Handlers:
SIGSEGV: [libjvm.so+0x3e5e00], sa_mask[0]=0x7ffbfeff, sa_flags=0x10000004
SIGBUS: [libjvm.so+0x3e5e00], sa_mask[0]=0x7ffbfeff, sa_flags=0x10000004
SIGFPE: [libjvm.so+0x309650], sa_mask[0]=0x7ffbfeff, sa_flags=0x10000004
SIGPIPE: SIG_IGN, sa_mask[0]=0x00000000, sa_flags=0x00000000
SIGXFSZ: SIG_IGN, sa_mask[0]=0x00000000, sa_flags=0x00000000
SIGILL: [libjvm.so+0x309650], sa_mask[0]=0x7ffbfeff, sa_flags=0x10000004
SIGUSR1: SIG_DFL, sa_mask[0]=0x00000000, sa_flags=0x00000000
SIGUSR2: [libjvm.so+0x308cf0], sa_mask[0]=0x00000000, sa_flags=0x10000004
SIGHUP: [libjvm.so+0x30b7d0], sa_mask[0]=0x7ffbfeff, sa_flags=0x10000004
SIGINT: [libjvm.so+0x30b7d0], sa_mask[0]=0x7ffbfeff, sa_flags=0x10000004
SIGTERM: [libjvm.so+0x30b7d0], sa_mask[0]=0x7ffbfeff, sa_flags=0x10000004
SIGQUIT: [libjvm.so+0x30b7d0], sa_mask[0]=0x7ffbfeff, sa_flags=0x10000004


---------------  S Y S T E M  ---------------

OS:Ubuntu 9.10 (karmic)
uname:Linux 2.6.31-23-generic #75-Ubuntu SMP Fri Mar 18 18:08:39 UTC 2011 i686
libc:glibc 2.10.1 NPTL 2.10.1 
rlimit: STACK 8192k, CORE 0k, NPROC infinity, NOFILE 1024, AS infinity
load average:1,48 1,05 1,26

/proc/meminfo:
MemTotal:        3614164 kB
MemFree:         1946568 kB
Buffers:           80904 kB
Cached:           859316 kB
SwapCached:            0 kB
Active:           933012 kB
Inactive:         647620 kB
Active(anon):     649092 kB
Inactive(anon):       32 kB
Active(file):     283920 kB
Inactive(file):   647588 kB
Unevictable:           0 kB
Mlocked:               0 kB
HighTotal:       2760360 kB
HighFree:        1239132 kB
LowTotal:         853804 kB
LowFree:          707436 kB
SwapTotal:       2216928 kB
SwapFree:        2216928 kB
Dirty:              1264 kB
Writeback:             0 kB
AnonPages:        640412 kB
Mapped:           205364 kB
Slab:              38580 kB
SReclaimable:      23396 kB
SUnreclaim:        15184 kB
PageTables:         8476 kB
NFS_Unstable:          0 kB
Bounce:                0 kB
WritebackTmp:          0 kB
CommitLimit:     4024008 kB
Committed_AS:    2040912 kB
VmallocTotal:     122880 kB
VmallocUsed:       46708 kB
VmallocChunk:      63988 kB
HugePages_Total:       0
HugePages_Free:        0
HugePages_Rsvd:        0
HugePages_Surp:        0
Hugepagesize:       4096 kB
DirectMap4k:       61432 kB
DirectMap4M:      847872 kB


CPU:total 2 (2 cores per cpu, 1 threads per core) family 6 model 23 stepping 10, cmov, cx8, fxsr, mmx, sse, sse2, sse3, ssse3

Memory: 4k page, physical 3614164k(1946568k free), swap 2216928k(2216928k free)

vm_info: OpenJDK Client VM (19.0-b09) for linux-x86 JRE (1.6.0_20-b20), built on Feb 23 2011 19:30:48 by "buildd" with gcc 4.4.1

time: Fri May 20 19:11:17 2011
elapsed time: 1117 seconds

