Grammaire

    0 $accept: E $end

    1 $@1: /* vide */

    2 $@2: /* vide */

    3 E: OPENP $@1 E CLOSEP $@2 E

    4 $@3: /* vide */

    5 $@4: /* vide */

    6 E: OPENA $@3 E CLOSEA $@4 E

    7 $@5: /* vide */

    8 $@6: /* vide */

    9 E: OPENC $@5 E CLOSEC $@6 E
   10  | IGN E
   11  | /* vide */


Terminaux, suivis des règles où ils apparaissent

$end (0) 0
error (256)
OPENP (258) 3
OPENC (259) 9
OPENA (260) 6
CLOSEP (261) 3
CLOSEC (262) 9
CLOSEA (263) 6
IGN (264) 10


Non-terminaux, suivis des règles où ils apparaissent

$accept (10)
    à gauche: 0
E (11)
    à gauche: 3 6 9 10 11, à droite: 0 3 6 9 10
$@1 (12)
    à gauche: 1, à droite: 3
$@2 (13)
    à gauche: 2, à droite: 3
$@3 (14)
    à gauche: 4, à droite: 6
$@4 (15)
    à gauche: 5, à droite: 6
$@5 (16)
    à gauche: 7, à droite: 9
$@6 (17)
    à gauche: 8, à droite: 9


état 0

    0 $accept: . E $end

    OPENP  décalage et aller à l'état 1
    OPENC  décalage et aller à l'état 2
    OPENA  décalage et aller à l'état 3
    IGN    décalage et aller à l'état 4

    $défaut  réduction par utilisation de la règle 11 (E)

    E  aller à l'état 5


état 1

    3 E: OPENP . $@1 E CLOSEP $@2 E

    $défaut  réduction par utilisation de la règle 1 ($@1)

    $@1  aller à l'état 6


état 2

    9 E: OPENC . $@5 E CLOSEC $@6 E

    $défaut  réduction par utilisation de la règle 7 ($@5)

    $@5  aller à l'état 7


état 3

    6 E: OPENA . $@3 E CLOSEA $@4 E

    $défaut  réduction par utilisation de la règle 4 ($@3)

    $@3  aller à l'état 8


état 4

   10 E: IGN . E

    OPENP  décalage et aller à l'état 1
    OPENC  décalage et aller à l'état 2
    OPENA  décalage et aller à l'état 3
    IGN    décalage et aller à l'état 4

    $défaut  réduction par utilisation de la règle 11 (E)

    E  aller à l'état 9


état 5

    0 $accept: E . $end

    $end  décalage et aller à l'état 10


état 6

    3 E: OPENP $@1 . E CLOSEP $@2 E

    OPENP  décalage et aller à l'état 1
    OPENC  décalage et aller à l'état 2
    OPENA  décalage et aller à l'état 3
    IGN    décalage et aller à l'état 4

    $défaut  réduction par utilisation de la règle 11 (E)

    E  aller à l'état 11


état 7

    9 E: OPENC $@5 . E CLOSEC $@6 E

    OPENP  décalage et aller à l'état 1
    OPENC  décalage et aller à l'état 2
    OPENA  décalage et aller à l'état 3
    IGN    décalage et aller à l'état 4

    $défaut  réduction par utilisation de la règle 11 (E)

    E  aller à l'état 12


état 8

    6 E: OPENA $@3 . E CLOSEA $@4 E

    OPENP  décalage et aller à l'état 1
    OPENC  décalage et aller à l'état 2
    OPENA  décalage et aller à l'état 3
    IGN    décalage et aller à l'état 4

    $défaut  réduction par utilisation de la règle 11 (E)

    E  aller à l'état 13


état 9

   10 E: IGN E .

    $défaut  réduction par utilisation de la règle 10 (E)


état 10

    0 $accept: E $end .

    $défaut  accepter


état 11

    3 E: OPENP $@1 E . CLOSEP $@2 E

    CLOSEP  décalage et aller à l'état 14


état 12

    9 E: OPENC $@5 E . CLOSEC $@6 E

    CLOSEC  décalage et aller à l'état 15


état 13

    6 E: OPENA $@3 E . CLOSEA $@4 E

    CLOSEA  décalage et aller à l'état 16


état 14

    3 E: OPENP $@1 E CLOSEP . $@2 E

    $défaut  réduction par utilisation de la règle 2 ($@2)

    $@2  aller à l'état 17


état 15

    9 E: OPENC $@5 E CLOSEC . $@6 E

    $défaut  réduction par utilisation de la règle 8 ($@6)

    $@6  aller à l'état 18


état 16

    6 E: OPENA $@3 E CLOSEA . $@4 E

    $défaut  réduction par utilisation de la règle 5 ($@4)

    $@4  aller à l'état 19


état 17

    3 E: OPENP $@1 E CLOSEP $@2 . E

    OPENP  décalage et aller à l'état 1
    OPENC  décalage et aller à l'état 2
    OPENA  décalage et aller à l'état 3
    IGN    décalage et aller à l'état 4

    $défaut  réduction par utilisation de la règle 11 (E)

    E  aller à l'état 20


état 18

    9 E: OPENC $@5 E CLOSEC $@6 . E

    OPENP  décalage et aller à l'état 1
    OPENC  décalage et aller à l'état 2
    OPENA  décalage et aller à l'état 3
    IGN    décalage et aller à l'état 4

    $défaut  réduction par utilisation de la règle 11 (E)

    E  aller à l'état 21


état 19

    6 E: OPENA $@3 E CLOSEA $@4 . E

    OPENP  décalage et aller à l'état 1
    OPENC  décalage et aller à l'état 2
    OPENA  décalage et aller à l'état 3
    IGN    décalage et aller à l'état 4

    $défaut  réduction par utilisation de la règle 11 (E)

    E  aller à l'état 22


état 20

    3 E: OPENP $@1 E CLOSEP $@2 E .

    $défaut  réduction par utilisation de la règle 3 (E)


état 21

    9 E: OPENC $@5 E CLOSEC $@6 E .

    $défaut  réduction par utilisation de la règle 9 (E)


état 22

    6 E: OPENA $@3 E CLOSEA $@4 E .

    $défaut  réduction par utilisation de la règle 6 (E)
